The system is: Linux - 4.9.140-tegra - aarch64
Compiling the C compiler identification source file "CMakeCCompilerId.c" succeeded.
Compiler: /usr/bin/cc 
Build flags: 
Id flags:  

The output was:
0


Compilation of the C compiler identification source "CMakeCCompilerId.c" produced "a.out"

The C compiler identification is GNU, found in "/home/badgerboat/moos/moos-ivp/build/MOOS/proj-5.2.0/CMakeFiles/3.10.2/CompilerIdC/a.out"

Compiling the CXX compiler identification source file "CMakeCXXCompilerId.cpp" succeeded.
Compiler: /usr/bin/c++ 
Build flags: 
Id flags:  

The output was:
0


Compilation of the CXX compiler identification source "CMakeCXXCompilerId.cpp" produced "a.out"

The CXX compiler identification is GNU, found in "/home/badgerboat/moos/moos-ivp/build/MOOS/proj-5.2.0/CMakeFiles/3.10.2/CompilerIdCXX/a.out"

Determining if the C compiler works passed with the following output:
Change Dir: /home/badgerboat/moos/moos-ivp/build/MOOS/proj-5.2.0/CMakeFiles/CMakeTmp

Run Build Command:"/usr/bin/make" "cmTC_b3c4e/fast"
/usr/bin/make -f CMakeFiles/cmTC_b3c4e.dir/build.make CMakeFiles/cmTC_b3c4e.dir/build
make[1]: Entering directory '/home/badgerboat/moos/moos-ivp/build/MOOS/proj-5.2.0/CMakeFiles/CMakeTmp'
Building C object CMakeFiles/cmTC_b3c4e.dir/testCCompiler.c.o
/usr/bin/cc   -fPIE   -o CMakeFiles/cmTC_b3c4e.dir/testCCompiler.c.o   -c /home/badgerboat/moos/moos-ivp/build/MOOS/proj-5.2.0/CMakeFiles/CMakeTmp/testCCompiler.c
Linking C executable cmTC_b3c4e
/usr/bin/cmake -E cmake_link_script CMakeFiles/cmTC_b3c4e.dir/link.txt --verbose=1
/usr/bin/cc      -rdynamic CMakeFiles/cmTC_b3c4e.dir/testCCompiler.c.o  -o cmTC_b3c4e 
make[1]: Leaving directory '/home/badgerboat/moos/moos-ivp/build/MOOS/proj-5.2.0/CMakeFiles/CMakeTmp'


Detecting C compiler ABI info compiled with the following output:
Change Dir: /home/badgerboat/moos/moos-ivp/build/MOOS/proj-5.2.0/CMakeFiles/CMakeTmp

Run Build Command:"/usr/bin/make" "cmTC_8bb3f/fast"
/usr/bin/make -f CMakeFiles/cmTC_8bb3f.dir/build.make CMakeFiles/cmTC_8bb3f.dir/build
make[1]: Entering directory '/home/badgerboat/moos/moos-ivp/build/MOOS/proj-5.2.0/CMakeFiles/CMakeTmp'
Building C object CMakeFiles/cmTC_8bb3f.dir/CMakeCCompilerABI.c.o
/usr/bin/cc   -fPIE   -o CMakeFiles/cmTC_8bb3f.dir/CMakeCCompilerABI.c.o   -c /usr/share/cmake-3.10/Modules/CMakeCCompilerABI.c
Linking C executable cmTC_8bb3f
/usr/bin/cmake -E cmake_link_script CMakeFiles/cmTC_8bb3f.dir/link.txt --verbose=1
/usr/bin/cc     -v -rdynamic CMakeFiles/cmTC_8bb3f.dir/CMakeCCompilerABI.c.o  -o cmTC_8bb3f 
Using built-in specs.
COLLECT_GCC=/usr/bin/cc
COLLECT_LTO_WRAPPER=/usr/lib/gcc/aarch64-linux-gnu/7/lto-wrapper
Target: aarch64-linux-gnu
Configured with: ../src/configure -v --with-pkgversion='Ubuntu/Linaro 7.4.0-1ubuntu1~18.04.1' --with-bugurl=file:///usr/share/doc/gcc-7/README.Bugs --enable-languages=c,ada,c++,go,d,fortran,objc,obj-c++ --prefix=/usr --with-gcc-major-version-only --program-suffix=-7 --program-prefix=aarch64-linux-gnu- --enable-shared --enable-linker-build-id --libexecdir=/usr/lib --without-included-gettext --enable-threads=posix --libdir=/usr/lib --enable-nls --with-sysroot=/ --enable-clocale=gnu --enable-libstdcxx-debug --enable-libstdcxx-time=yes --with-default-libstdcxx-abi=new --enable-gnu-unique-object --disable-libquadmath --disable-libquadmath-support --enable-plugin --enable-default-pie --with-system-zlib --enable-multiarch --enable-fix-cortex-a53-843419 --disable-werror --enable-checking=release --build=aarch64-linux-gnu --host=aarch64-linux-gnu --target=aarch64-linux-gnu
Thread model: posix
gcc version 7.4.0 (Ubuntu/Linaro 7.4.0-1ubuntu1~18.04.1) 
COMPILER_PATH=/usr/lib/gcc/aarch64-linux-gnu/7/:/usr/lib/gcc/aarch64-linux-gnu/7/:/usr/lib/gcc/aarch64-linux-gnu/:/usr/lib/gcc/aarch64-linux-gnu/7/:/usr/lib/gcc/aarch64-linux-gnu/
LIBRARY_PATH=/usr/lib/gcc/aarch64-linux-gnu/7/:/usr/lib/gcc/aarch64-linux-gnu/7/../../../aarch64-linux-gnu/:/usr/lib/gcc/aarch64-linux-gnu/7/../../../../lib/:/lib/aarch64-linux-gnu/:/lib/../lib/:/usr/lib/aarch64-linux-gnu/:/usr/lib/../lib/:/usr/lib/gcc/aarch64-linux-gnu/7/../../../:/lib/:/usr/lib/
COLLECT_GCC_OPTIONS='-v' '-rdynamic' '-o' 'cmTC_8bb3f' '-mlittle-endian' '-mabi=lp64'
 /usr/lib/gcc/aarch64-linux-gnu/7/collect2 -plugin /usr/lib/gcc/aarch64-linux-gnu/7/liblto_plugin.so -plugin-opt=/usr/lib/gcc/aarch64-linux-gnu/7/lto-wrapper -plugin-opt=-fresolution=/tmp/ccyCkRjm.res -plugin-opt=-pass-through=-lgcc -plugin-opt=-pass-through=-lgcc_s -plugin-opt=-pass-through=-lc -plugin-opt=-pass-through=-lgcc -plugin-opt=-pass-through=-lgcc_s --sysroot=/ --build-id --eh-frame-hdr --hash-style=gnu --as-needed -export-dynamic -dynamic-linker /lib/ld-linux-aarch64.so.1 -X -EL -maarch64linux --fix-cortex-a53-843419 -pie -z now -z relro -o cmTC_8bb3f /usr/lib/gcc/aarch64-linux-gnu/7/../../../aarch64-linux-gnu/Scrt1.o /usr/lib/gcc/aarch64-linux-gnu/7/../../../aarch64-linux-gnu/crti.o /usr/lib/gcc/aarch64-linux-gnu/7/crtbeginS.o -L/usr/lib/gcc/aarch64-linux-gnu/7 -L/usr/lib/gcc/aarch64-linux-gnu/7/../../../aarch64-linux-gnu -L/usr/lib/gcc/aarch64-linux-gnu/7/../../../../lib -L/lib/aarch64-linux-gnu -L/lib/../lib -L/usr/lib/aarch64-linux-gnu -L/usr/lib/../lib -L/usr/lib/gcc/aarch64-linux-gnu/7/../../.. CMakeFiles/cmTC_8bb3f.dir/CMakeCCompilerABI.c.o -lgcc --push-state --as-needed -lgcc_s --pop-state -lc -lgcc --push-state --as-needed -lgcc_s --pop-state /usr/lib/gcc/aarch64-linux-gnu/7/crtendS.o /usr/lib/gcc/aarch64-linux-gnu/7/../../../aarch64-linux-gnu/crtn.o
COLLECT_GCC_OPTIONS='-v' '-rdynamic' '-o' 'cmTC_8bb3f' '-mlittle-endian' '-mabi=lp64'
make[1]: Leaving directory '/home/badgerboat/moos/moos-ivp/build/MOOS/proj-5.2.0/CMakeFiles/CMakeTmp'


Parsed C implicit link information from above output:
  link line regex: [^( *|.*[/\])(ld|CMAKE_LINK_STARTFILE-NOTFOUND|([^/\]+-)?ld|collect2)[^/\]*( |$)]
  ignore line: [Change Dir: /home/badgerboat/moos/moos-ivp/build/MOOS/proj-5.2.0/CMakeFiles/CMakeTmp]
  ignore line: []
  ignore line: [Run Build Command:"/usr/bin/make" "cmTC_8bb3f/fast"]
  ignore line: [/usr/bin/make -f CMakeFiles/cmTC_8bb3f.dir/build.make CMakeFiles/cmTC_8bb3f.dir/build]
  ignore line: [make[1]: Entering directory '/home/badgerboat/moos/moos-ivp/build/MOOS/proj-5.2.0/CMakeFiles/CMakeTmp']
  ignore line: [Building C object CMakeFiles/cmTC_8bb3f.dir/CMakeCCompilerABI.c.o]
  ignore line: [/usr/bin/cc   -fPIE   -o CMakeFiles/cmTC_8bb3f.dir/CMakeCCompilerABI.c.o   -c /usr/share/cmake-3.10/Modules/CMakeCCompilerABI.c]
  ignore line: [Linking C executable cmTC_8bb3f]
  ignore line: [/usr/bin/cmake -E cmake_link_script CMakeFiles/cmTC_8bb3f.dir/link.txt --verbose=1]
  ignore line: [/usr/bin/cc     -v -rdynamic CMakeFiles/cmTC_8bb3f.dir/CMakeCCompilerABI.c.o  -o cmTC_8bb3f ]
  ignore line: [Using built-in specs.]
  ignore line: [COLLECT_GCC=/usr/bin/cc]
  ignore line: [COLLECT_LTO_WRAPPER=/usr/lib/gcc/aarch64-linux-gnu/7/lto-wrapper]
  ignore line: [Target: aarch64-linux-gnu]
  ignore line: [Configured with: ../src/configure -v --with-pkgversion='Ubuntu/Linaro 7.4.0-1ubuntu1~18.04.1' --with-bugurl=file:///usr/share/doc/gcc-7/README.Bugs --enable-languages=c,ada,c++,go,d,fortran,objc,obj-c++ --prefix=/usr --with-gcc-major-version-only --program-suffix=-7 --program-prefix=aarch64-linux-gnu- --enable-shared --enable-linker-build-id --libexecdir=/usr/lib --without-included-gettext --enable-threads=posix --libdir=/usr/lib --enable-nls --with-sysroot=/ --enable-clocale=gnu --enable-libstdcxx-debug --enable-libstdcxx-time=yes --with-default-libstdcxx-abi=new --enable-gnu-unique-object --disable-libquadmath --disable-libquadmath-support --enable-plugin --enable-default-pie --with-system-zlib --enable-multiarch --enable-fix-cortex-a53-843419 --disable-werror --enable-checking=release --build=aarch64-linux-gnu --host=aarch64-linux-gnu --target=aarch64-linux-gnu]
  ignore line: [Thread model: posix]
  ignore line: [gcc version 7.4.0 (Ubuntu/Linaro 7.4.0-1ubuntu1~18.04.1) ]
  ignore line: [COMPILER_PATH=/usr/lib/gcc/aarch64-linux-gnu/7/:/usr/lib/gcc/aarch64-linux-gnu/7/:/usr/lib/gcc/aarch64-linux-gnu/:/usr/lib/gcc/aarch64-linux-gnu/7/:/usr/lib/gcc/aarch64-linux-gnu/]
  ignore line: [LIBRARY_PATH=/usr/lib/gcc/aarch64-linux-gnu/7/:/usr/lib/gcc/aarch64-linux-gnu/7/../../../aarch64-linux-gnu/:/usr/lib/gcc/aarch64-linux-gnu/7/../../../../lib/:/lib/aarch64-linux-gnu/:/lib/../lib/:/usr/lib/aarch64-linux-gnu/:/usr/lib/../lib/:/usr/lib/gcc/aarch64-linux-gnu/7/../../../:/lib/:/usr/lib/]
  ignore line: [COLLECT_GCC_OPTIONS='-v' '-rdynamic' '-o' 'cmTC_8bb3f' '-mlittle-endian' '-mabi=lp64']
  link line: [ /usr/lib/gcc/aarch64-linux-gnu/7/collect2 -plugin /usr/lib/gcc/aarch64-linux-gnu/7/liblto_plugin.so -plugin-opt=/usr/lib/gcc/aarch64-linux-gnu/7/lto-wrapper -plugin-opt=-fresolution=/tmp/ccyCkRjm.res -plugin-opt=-pass-through=-lgcc -plugin-opt=-pass-through=-lgcc_s -plugin-opt=-pass-through=-lc -plugin-opt=-pass-through=-lgcc -plugin-opt=-pass-through=-lgcc_s --sysroot=/ --build-id --eh-frame-hdr --hash-style=gnu --as-needed -export-dynamic -dynamic-linker /lib/ld-linux-aarch64.so.1 -X -EL -maarch64linux --fix-cortex-a53-843419 -pie -z now -z relro -o cmTC_8bb3f /usr/lib/gcc/aarch64-linux-gnu/7/../../../aarch64-linux-gnu/Scrt1.o /usr/lib/gcc/aarch64-linux-gnu/7/../../../aarch64-linux-gnu/crti.o /usr/lib/gcc/aarch64-linux-gnu/7/crtbeginS.o -L/usr/lib/gcc/aarch64-linux-gnu/7 -L/usr/lib/gcc/aarch64-linux-gnu/7/../../../aarch64-linux-gnu -L/usr/lib/gcc/aarch64-linux-gnu/7/../../../../lib -L/lib/aarch64-linux-gnu -L/lib/../lib -L/usr/lib/aarch64-linux-gnu -L/usr/lib/../lib -L/usr/lib/gcc/aarch64-linux-gnu/7/../../.. CMakeFiles/cmTC_8bb3f.dir/CMakeCCompilerABI.c.o -lgcc --push-state --as-needed -lgcc_s --pop-state -lc -lgcc --push-state --as-needed -lgcc_s --pop-state /usr/lib/gcc/aarch64-linux-gnu/7/crtendS.o /usr/lib/gcc/aarch64-linux-gnu/7/../../../aarch64-linux-gnu/crtn.o]
    arg [/usr/lib/gcc/aarch64-linux-gnu/7/collect2] ==> ignore
    arg [-plugin] ==> ignore
    arg [/usr/lib/gcc/aarch64-linux-gnu/7/liblto_plugin.so] ==> ignore
    arg [-plugin-opt=/usr/lib/gcc/aarch64-linux-gnu/7/lto-wrapper] ==> ignore
    arg [-plugin-opt=-fresolution=/tmp/ccyCkRjm.res] ==> ignore
    arg [-plugin-opt=-pass-through=-lgcc] ==> ignore
    arg [-plugin-opt=-pass-through=-lgcc_s] ==> ignore
    arg [-plugin-opt=-pass-through=-lc] ==> ignore
    arg [-plugin-opt=-pass-through=-lgcc] ==> ignore
    arg [-plugin-opt=-pass-through=-lgcc_s] ==> ignore
    arg [--sysroot=/] ==> ignore
    arg [--build-id] ==> ignore
    arg [--eh-frame-hdr] ==> ignore
    arg [--hash-style=gnu] ==> ignore
    arg [--as-needed] ==> ignore
    arg [-export-dynamic] ==> ignore
    arg [-dynamic-linker] ==> ignore
    arg [/lib/ld-linux-aarch64.so.1] ==> ignore
    arg [-X] ==> ignore
    arg [-EL] ==> ignore
    arg [-maarch64linux] ==> ignore
    arg [--fix-cortex-a53-843419] ==> ignore
    arg [-pie] ==> ignore
    arg [-znow] ==> ignore
    arg [-zrelro] ==> ignore
    arg [-o] ==> ignore
    arg [cmTC_8bb3f] ==> ignore
    arg [/usr/lib/gcc/aarch64-linux-gnu/7/../../../aarch64-linux-gnu/Scrt1.o] ==> ignore
    arg [/usr/lib/gcc/aarch64-linux-gnu/7/../../../aarch64-linux-gnu/crti.o] ==> ignore
    arg [/usr/lib/gcc/aarch64-linux-gnu/7/crtbeginS.o] ==> ignore
    arg [-L/usr/lib/gcc/aarch64-linux-gnu/7] ==> dir [/usr/lib/gcc/aarch64-linux-gnu/7]
    arg [-L/usr/lib/gcc/aarch64-linux-gnu/7/../../../aarch64-linux-gnu] ==> dir [/usr/lib/gcc/aarch64-linux-gnu/7/../../../aarch64-linux-gnu]
    arg [-L/usr/lib/gcc/aarch64-linux-gnu/7/../../../../lib] ==> dir [/usr/lib/gcc/aarch64-linux-gnu/7/../../../../lib]
    arg [-L/lib/aarch64-linux-gnu] ==> dir [/lib/aarch64-linux-gnu]
    arg [-L/lib/../lib] ==> dir [/lib/../lib]
    arg [-L/usr/lib/aarch64-linux-gnu] ==> dir [/usr/lib/aarch64-linux-gnu]
    arg [-L/usr/lib/../lib] ==> dir [/usr/lib/../lib]
    arg [-L/usr/lib/gcc/aarch64-linux-gnu/7/../../..] ==> dir [/usr/lib/gcc/aarch64-linux-gnu/7/../../..]
    arg [CMakeFiles/cmTC_8bb3f.dir/CMakeCCompilerABI.c.o] ==> ignore
    arg [-lgcc] ==> lib [gcc]
    arg [--push-state] ==> ignore
    arg [--as-needed] ==> ignore
    arg [-lgcc_s] ==> lib [gcc_s]
    arg [--pop-state] ==> ignore
    arg [-lc] ==> lib [c]
    arg [-lgcc] ==> lib [gcc]
    arg [--push-state] ==> ignore
    arg [--as-needed] ==> ignore
    arg [-lgcc_s] ==> lib [gcc_s]
    arg [--pop-state] ==> ignore
    arg [/usr/lib/gcc/aarch64-linux-gnu/7/crtendS.o] ==> ignore
    arg [/usr/lib/gcc/aarch64-linux-gnu/7/../../../aarch64-linux-gnu/crtn.o] ==> ignore
  collapse library dir [/usr/lib/gcc/aarch64-linux-gnu/7] ==> [/usr/lib/gcc/aarch64-linux-gnu/7]
  collapse library dir [/usr/lib/gcc/aarch64-linux-gnu/7/../../../aarch64-linux-gnu] ==> [/usr/lib/aarch64-linux-gnu]
  collapse library dir [/usr/lib/gcc/aarch64-linux-gnu/7/../../../../lib] ==> [/usr/lib]
  collapse library dir [/lib/aarch64-linux-gnu] ==> [/lib/aarch64-linux-gnu]
  collapse library dir [/lib/../lib] ==> [/lib]
  collapse library dir [/usr/lib/aarch64-linux-gnu] ==> [/usr/lib/aarch64-linux-gnu]
  collapse library dir [/usr/lib/../lib] ==> [/usr/lib]
  collapse library dir [/usr/lib/gcc/aarch64-linux-gnu/7/../../..] ==> [/usr/lib]
  implicit libs: [gcc;gcc_s;c;gcc;gcc_s]
  implicit dirs: [/usr/lib/gcc/aarch64-linux-gnu/7;/usr/lib/aarch64-linux-gnu;/usr/lib;/lib/aarch64-linux-gnu;/lib]
  implicit fwks: []




Detecting C [-std=c11] compiler features compiled with the following output:
Change Dir: /home/badgerboat/moos/moos-ivp/build/MOOS/proj-5.2.0/CMakeFiles/CMakeTmp

Run Build Command:"/usr/bin/make" "cmTC_a6558/fast"
/usr/bin/make -f CMakeFiles/cmTC_a6558.dir/build.make CMakeFiles/cmTC_a6558.dir/build
make[1]: Entering directory '/home/badgerboat/moos/moos-ivp/build/MOOS/proj-5.2.0/CMakeFiles/CMakeTmp'
Building C object CMakeFiles/cmTC_a6558.dir/feature_tests.c.o
/usr/bin/cc   -fPIE   -std=c11 -o CMakeFiles/cmTC_a6558.dir/feature_tests.c.o   -c /home/badgerboat/moos/moos-ivp/build/MOOS/proj-5.2.0/CMakeFiles/feature_tests.c
Linking C executable cmTC_a6558
/usr/bin/cmake -E cmake_link_script CMakeFiles/cmTC_a6558.dir/link.txt --verbose=1
/usr/bin/cc      -rdynamic CMakeFiles/cmTC_a6558.dir/feature_tests.c.o  -o cmTC_a6558 
make[1]: Leaving directory '/home/badgerboat/moos/moos-ivp/build/MOOS/proj-5.2.0/CMakeFiles/CMakeTmp'


    Feature record: C_FEATURE:1c_function_prototypes
    Feature record: C_FEATURE:1c_restrict
    Feature record: C_FEATURE:1c_static_assert
    Feature record: C_FEATURE:1c_variadic_macros


Detecting C [-std=c99] compiler features compiled with the following output:
Change Dir: /home/badgerboat/moos/moos-ivp/build/MOOS/proj-5.2.0/CMakeFiles/CMakeTmp

Run Build Command:"/usr/bin/make" "cmTC_e5009/fast"
/usr/bin/make -f CMakeFiles/cmTC_e5009.dir/build.make CMakeFiles/cmTC_e5009.dir/build
make[1]: Entering directory '/home/badgerboat/moos/moos-ivp/build/MOOS/proj-5.2.0/CMakeFiles/CMakeTmp'
Building C object CMakeFiles/cmTC_e5009.dir/feature_tests.c.o
/usr/bin/cc   -fPIE   -std=c99 -o CMakeFiles/cmTC_e5009.dir/feature_tests.c.o   -c /home/badgerboat/moos/moos-ivp/build/MOOS/proj-5.2.0/CMakeFiles/feature_tests.c
Linking C executable cmTC_e5009
/usr/bin/cmake -E cmake_link_script CMakeFiles/cmTC_e5009.dir/link.txt --verbose=1
/usr/bin/cc      -rdynamic CMakeFiles/cmTC_e5009.dir/feature_tests.c.o  -o cmTC_e5009 
make[1]: Leaving directory '/home/badgerboat/moos/moos-ivp/build/MOOS/proj-5.2.0/CMakeFiles/CMakeTmp'


    Feature record: C_FEATURE:1c_function_prototypes
    Feature record: C_FEATURE:1c_restrict
    Feature record: C_FEATURE:0c_static_assert
    Feature record: C_FEATURE:1c_variadic_macros


Detecting C [-std=c90] compiler features compiled with the following output:
Change Dir: /home/badgerboat/moos/moos-ivp/build/MOOS/proj-5.2.0/CMakeFiles/CMakeTmp

Run Build Command:"/usr/bin/make" "cmTC_d121a/fast"
/usr/bin/make -f CMakeFiles/cmTC_d121a.dir/build.make CMakeFiles/cmTC_d121a.dir/build
make[1]: Entering directory '/home/badgerboat/moos/moos-ivp/build/MOOS/proj-5.2.0/CMakeFiles/CMakeTmp'
Building C object CMakeFiles/cmTC_d121a.dir/feature_tests.c.o
/usr/bin/cc   -fPIE   -std=c90 -o CMakeFiles/cmTC_d121a.dir/feature_tests.c.o   -c /home/badgerboat/moos/moos-ivp/build/MOOS/proj-5.2.0/CMakeFiles/feature_tests.c
Linking C executable cmTC_d121a
/usr/bin/cmake -E cmake_link_script CMakeFiles/cmTC_d121a.dir/link.txt --verbose=1
/usr/bin/cc      -rdynamic CMakeFiles/cmTC_d121a.dir/feature_tests.c.o  -o cmTC_d121a 
make[1]: Leaving directory '/home/badgerboat/moos/moos-ivp/build/MOOS/proj-5.2.0/CMakeFiles/CMakeTmp'


    Feature record: C_FEATURE:1c_function_prototypes
    Feature record: C_FEATURE:0c_restrict
    Feature record: C_FEATURE:0c_static_assert
    Feature record: C_FEATURE:0c_variadic_macros
Determining if the CXX compiler works passed with the following output:
Change Dir: /home/badgerboat/moos/moos-ivp/build/MOOS/proj-5.2.0/CMakeFiles/CMakeTmp

Run Build Command:"/usr/bin/make" "cmTC_dc7af/fast"
/usr/bin/make -f CMakeFiles/cmTC_dc7af.dir/build.make CMakeFiles/cmTC_dc7af.dir/build
make[1]: Entering directory '/home/badgerboat/moos/moos-ivp/build/MOOS/proj-5.2.0/CMakeFiles/CMakeTmp'
Building CXX object CMakeFiles/cmTC_dc7af.dir/testCXXCompiler.cxx.o
/usr/bin/c++    -fPIE   -o CMakeFiles/cmTC_dc7af.dir/testCXXCompiler.cxx.o -c /home/badgerboat/moos/moos-ivp/build/MOOS/proj-5.2.0/CMakeFiles/CMakeTmp/testCXXCompiler.cxx
Linking CXX executable cmTC_dc7af
/usr/bin/cmake -E cmake_link_script CMakeFiles/cmTC_dc7af.dir/link.txt --verbose=1
/usr/bin/c++       -rdynamic CMakeFiles/cmTC_dc7af.dir/testCXXCompiler.cxx.o  -o cmTC_dc7af 
make[1]: Leaving directory '/home/badgerboat/moos/moos-ivp/build/MOOS/proj-5.2.0/CMakeFiles/CMakeTmp'


Detecting CXX compiler ABI info compiled with the following output:
Change Dir: /home/badgerboat/moos/moos-ivp/build/MOOS/proj-5.2.0/CMakeFiles/CMakeTmp

Run Build Command:"/usr/bin/make" "cmTC_7fcd1/fast"
/usr/bin/make -f CMakeFiles/cmTC_7fcd1.dir/build.make CMakeFiles/cmTC_7fcd1.dir/build
make[1]: Entering directory '/home/badgerboat/moos/moos-ivp/build/MOOS/proj-5.2.0/CMakeFiles/CMakeTmp'
Building CXX object CMakeFiles/cmTC_7fcd1.dir/CMakeCXXCompilerABI.cpp.o
/usr/bin/c++    -fPIE   -o CMakeFiles/cmTC_7fcd1.dir/CMakeCXXCompilerABI.cpp.o -c /usr/share/cmake-3.10/Modules/CMakeCXXCompilerABI.cpp
Linking CXX executable cmTC_7fcd1
/usr/bin/cmake -E cmake_link_script CMakeFiles/cmTC_7fcd1.dir/link.txt --verbose=1
/usr/bin/c++      -v -rdynamic CMakeFiles/cmTC_7fcd1.dir/CMakeCXXCompilerABI.cpp.o  -o cmTC_7fcd1 
Using built-in specs.
COLLECT_GCC=/usr/bin/c++
COLLECT_LTO_WRAPPER=/usr/lib/gcc/aarch64-linux-gnu/7/lto-wrapper
Target: aarch64-linux-gnu
Configured with: ../src/configure -v --with-pkgversion='Ubuntu/Linaro 7.4.0-1ubuntu1~18.04.1' --with-bugurl=file:///usr/share/doc/gcc-7/README.Bugs --enable-languages=c,ada,c++,go,d,fortran,objc,obj-c++ --prefix=/usr --with-gcc-major-version-only --program-suffix=-7 --program-prefix=aarch64-linux-gnu- --enable-shared --enable-linker-build-id --libexecdir=/usr/lib --without-included-gettext --enable-threads=posix --libdir=/usr/lib --enable-nls --with-sysroot=/ --enable-clocale=gnu --enable-libstdcxx-debug --enable-libstdcxx-time=yes --with-default-libstdcxx-abi=new --enable-gnu-unique-object --disable-libquadmath --disable-libquadmath-support --enable-plugin --enable-default-pie --with-system-zlib --enable-multiarch --enable-fix-cortex-a53-843419 --disable-werror --enable-checking=release --build=aarch64-linux-gnu --host=aarch64-linux-gnu --target=aarch64-linux-gnu
Thread model: posix
gcc version 7.4.0 (Ubuntu/Linaro 7.4.0-1ubuntu1~18.04.1) 
COMPILER_PATH=/usr/lib/gcc/aarch64-linux-gnu/7/:/usr/lib/gcc/aarch64-linux-gnu/7/:/usr/lib/gcc/aarch64-linux-gnu/:/usr/lib/gcc/aarch64-linux-gnu/7/:/usr/lib/gcc/aarch64-linux-gnu/
LIBRARY_PATH=/usr/lib/gcc/aarch64-linux-gnu/7/:/usr/lib/gcc/aarch64-linux-gnu/7/../../../aarch64-linux-gnu/:/usr/lib/gcc/aarch64-linux-gnu/7/../../../../lib/:/lib/aarch64-linux-gnu/:/lib/../lib/:/usr/lib/aarch64-linux-gnu/:/usr/lib/../lib/:/usr/lib/gcc/aarch64-linux-gnu/7/../../../:/lib/:/usr/lib/
COLLECT_GCC_OPTIONS='-v' '-rdynamic' '-o' 'cmTC_7fcd1' '-shared-libgcc' '-mlittle-endian' '-mabi=lp64'
 /usr/lib/gcc/aarch64-linux-gnu/7/collect2 -plugin /usr/lib/gcc/aarch64-linux-gnu/7/liblto_plugin.so -plugin-opt=/usr/lib/gcc/aarch64-linux-gnu/7/lto-wrapper -plugin-opt=-fresolution=/tmp/ccfJj4sG.res -plugin-opt=-pass-through=-lgcc_s -plugin-opt=-pass-through=-lgcc -plugin-opt=-pass-through=-lc -plugin-opt=-pass-through=-lgcc_s -plugin-opt=-pass-through=-lgcc --sysroot=/ --build-id --eh-frame-hdr --hash-style=gnu --as-needed -export-dynamic -dynamic-linker /lib/ld-linux-aarch64.so.1 -X -EL -maarch64linux --fix-cortex-a53-843419 -pie -z now -z relro -o cmTC_7fcd1 /usr/lib/gcc/aarch64-linux-gnu/7/../../../aarch64-linux-gnu/Scrt1.o /usr/lib/gcc/aarch64-linux-gnu/7/../../../aarch64-linux-gnu/crti.o /usr/lib/gcc/aarch64-linux-gnu/7/crtbeginS.o -L/usr/lib/gcc/aarch64-linux-gnu/7 -L/usr/lib/gcc/aarch64-linux-gnu/7/../../../aarch64-linux-gnu -L/usr/lib/gcc/aarch64-linux-gnu/7/../../../../lib -L/lib/aarch64-linux-gnu -L/lib/../lib -L/usr/lib/aarch64-linux-gnu -L/usr/lib/../lib -L/usr/lib/gcc/aarch64-linux-gnu/7/../../.. CMakeFiles/cmTC_7fcd1.dir/CMakeCXXCompilerABI.cpp.o -lstdc++ -lm -lgcc_s -lgcc -lc -lgcc_s -lgcc /usr/lib/gcc/aarch64-linux-gnu/7/crtendS.o /usr/lib/gcc/aarch64-linux-gnu/7/../../../aarch64-linux-gnu/crtn.o
COLLECT_GCC_OPTIONS='-v' '-rdynamic' '-o' 'cmTC_7fcd1' '-shared-libgcc' '-mlittle-endian' '-mabi=lp64'
make[1]: Leaving directory '/home/badgerboat/moos/moos-ivp/build/MOOS/proj-5.2.0/CMakeFiles/CMakeTmp'


Parsed CXX implicit link information from above output:
  link line regex: [^( *|.*[/\])(ld|CMAKE_LINK_STARTFILE-NOTFOUND|([^/\]+-)?ld|collect2)[^/\]*( |$)]
  ignore line: [Change Dir: /home/badgerboat/moos/moos-ivp/build/MOOS/proj-5.2.0/CMakeFiles/CMakeTmp]
  ignore line: []
  ignore line: [Run Build Command:"/usr/bin/make" "cmTC_7fcd1/fast"]
  ignore line: [/usr/bin/make -f CMakeFiles/cmTC_7fcd1.dir/build.make CMakeFiles/cmTC_7fcd1.dir/build]
  ignore line: [make[1]: Entering directory '/home/badgerboat/moos/moos-ivp/build/MOOS/proj-5.2.0/CMakeFiles/CMakeTmp']
  ignore line: [Building CXX object CMakeFiles/cmTC_7fcd1.dir/CMakeCXXCompilerABI.cpp.o]
  ignore line: [/usr/bin/c++    -fPIE   -o CMakeFiles/cmTC_7fcd1.dir/CMakeCXXCompilerABI.cpp.o -c /usr/share/cmake-3.10/Modules/CMakeCXXCompilerABI.cpp]
  ignore line: [Linking CXX executable cmTC_7fcd1]
  ignore line: [/usr/bin/cmake -E cmake_link_script CMakeFiles/cmTC_7fcd1.dir/link.txt --verbose=1]
  ignore line: [/usr/bin/c++      -v -rdynamic CMakeFiles/cmTC_7fcd1.dir/CMakeCXXCompilerABI.cpp.o  -o cmTC_7fcd1 ]
  ignore line: [Using built-in specs.]
  ignore line: [COLLECT_GCC=/usr/bin/c++]
  ignore line: [COLLECT_LTO_WRAPPER=/usr/lib/gcc/aarch64-linux-gnu/7/lto-wrapper]
  ignore line: [Target: aarch64-linux-gnu]
  ignore line: [Configured with: ../src/configure -v --with-pkgversion='Ubuntu/Linaro 7.4.0-1ubuntu1~18.04.1' --with-bugurl=file:///usr/share/doc/gcc-7/README.Bugs --enable-languages=c,ada,c++,go,d,fortran,objc,obj-c++ --prefix=/usr --with-gcc-major-version-only --program-suffix=-7 --program-prefix=aarch64-linux-gnu- --enable-shared --enable-linker-build-id --libexecdir=/usr/lib --without-included-gettext --enable-threads=posix --libdir=/usr/lib --enable-nls --with-sysroot=/ --enable-clocale=gnu --enable-libstdcxx-debug --enable-libstdcxx-time=yes --with-default-libstdcxx-abi=new --enable-gnu-unique-object --disable-libquadmath --disable-libquadmath-support --enable-plugin --enable-default-pie --with-system-zlib --enable-multiarch --enable-fix-cortex-a53-843419 --disable-werror --enable-checking=release --build=aarch64-linux-gnu --host=aarch64-linux-gnu --target=aarch64-linux-gnu]
  ignore line: [Thread model: posix]
  ignore line: [gcc version 7.4.0 (Ubuntu/Linaro 7.4.0-1ubuntu1~18.04.1) ]
  ignore line: [COMPILER_PATH=/usr/lib/gcc/aarch64-linux-gnu/7/:/usr/lib/gcc/aarch64-linux-gnu/7/:/usr/lib/gcc/aarch64-linux-gnu/:/usr/lib/gcc/aarch64-linux-gnu/7/:/usr/lib/gcc/aarch64-linux-gnu/]
  ignore line: [LIBRARY_PATH=/usr/lib/gcc/aarch64-linux-gnu/7/:/usr/lib/gcc/aarch64-linux-gnu/7/../../../aarch64-linux-gnu/:/usr/lib/gcc/aarch64-linux-gnu/7/../../../../lib/:/lib/aarch64-linux-gnu/:/lib/../lib/:/usr/lib/aarch64-linux-gnu/:/usr/lib/../lib/:/usr/lib/gcc/aarch64-linux-gnu/7/../../../:/lib/:/usr/lib/]
  ignore line: [COLLECT_GCC_OPTIONS='-v' '-rdynamic' '-o' 'cmTC_7fcd1' '-shared-libgcc' '-mlittle-endian' '-mabi=lp64']
  link line: [ /usr/lib/gcc/aarch64-linux-gnu/7/collect2 -plugin /usr/lib/gcc/aarch64-linux-gnu/7/liblto_plugin.so -plugin-opt=/usr/lib/gcc/aarch64-linux-gnu/7/lto-wrapper -plugin-opt=-fresolution=/tmp/ccfJj4sG.res -plugin-opt=-pass-through=-lgcc_s -plugin-opt=-pass-through=-lgcc -plugin-opt=-pass-through=-lc -plugin-opt=-pass-through=-lgcc_s -plugin-opt=-pass-through=-lgcc --sysroot=/ --build-id --eh-frame-hdr --hash-style=gnu --as-needed -export-dynamic -dynamic-linker /lib/ld-linux-aarch64.so.1 -X -EL -maarch64linux --fix-cortex-a53-843419 -pie -z now -z relro -o cmTC_7fcd1 /usr/lib/gcc/aarch64-linux-gnu/7/../../../aarch64-linux-gnu/Scrt1.o /usr/lib/gcc/aarch64-linux-gnu/7/../../../aarch64-linux-gnu/crti.o /usr/lib/gcc/aarch64-linux-gnu/7/crtbeginS.o -L/usr/lib/gcc/aarch64-linux-gnu/7 -L/usr/lib/gcc/aarch64-linux-gnu/7/../../../aarch64-linux-gnu -L/usr/lib/gcc/aarch64-linux-gnu/7/../../../../lib -L/lib/aarch64-linux-gnu -L/lib/../lib -L/usr/lib/aarch64-linux-gnu -L/usr/lib/../lib -L/usr/lib/gcc/aarch64-linux-gnu/7/../../.. CMakeFiles/cmTC_7fcd1.dir/CMakeCXXCompilerABI.cpp.o -lstdc++ -lm -lgcc_s -lgcc -lc -lgcc_s -lgcc /usr/lib/gcc/aarch64-linux-gnu/7/crtendS.o /usr/lib/gcc/aarch64-linux-gnu/7/../../../aarch64-linux-gnu/crtn.o]
    arg [/usr/lib/gcc/aarch64-linux-gnu/7/collect2] ==> ignore
    arg [-plugin] ==> ignore
    arg [/usr/lib/gcc/aarch64-linux-gnu/7/liblto_plugin.so] ==> ignore
    arg [-plugin-opt=/usr/lib/gcc/aarch64-linux-gnu/7/lto-wrapper] ==> ignore
    arg [-plugin-opt=-fresolution=/tmp/ccfJj4sG.res] ==> ignore
    arg [-plugin-opt=-pass-through=-lgcc_s] ==> ignore
    arg [-plugin-opt=-pass-through=-lgcc] ==> ignore
    arg [-plugin-opt=-pass-through=-lc] ==> ignore
    arg [-plugin-opt=-pass-through=-lgcc_s] ==> ignore
    arg [-plugin-opt=-pass-through=-lgcc] ==> ignore
    arg [--sysroot=/] ==> ignore
    arg [--build-id] ==> ignore
    arg [--eh-frame-hdr] ==> ignore
    arg [--hash-style=gnu] ==> ignore
    arg [--as-needed] ==> ignore
    arg [-export-dynamic] ==> ignore
    arg [-dynamic-linker] ==> ignore
    arg [/lib/ld-linux-aarch64.so.1] ==> ignore
    arg [-X] ==> ignore
    arg [-EL] ==> ignore
    arg [-maarch64linux] ==> ignore
    arg [--fix-cortex-a53-843419] ==> ignore
    arg [-pie] ==> ignore
    arg [-znow] ==> ignore
    arg [-zrelro] ==> ignore
    arg [-o] ==> ignore
    arg [cmTC_7fcd1] ==> ignore
    arg [/usr/lib/gcc/aarch64-linux-gnu/7/../../../aarch64-linux-gnu/Scrt1.o] ==> ignore
    arg [/usr/lib/gcc/aarch64-linux-gnu/7/../../../aarch64-linux-gnu/crti.o] ==> ignore
    arg [/usr/lib/gcc/aarch64-linux-gnu/7/crtbeginS.o] ==> ignore
    arg [-L/usr/lib/gcc/aarch64-linux-gnu/7] ==> dir [/usr/lib/gcc/aarch64-linux-gnu/7]
    arg [-L/usr/lib/gcc/aarch64-linux-gnu/7/../../../aarch64-linux-gnu] ==> dir [/usr/lib/gcc/aarch64-linux-gnu/7/../../../aarch64-linux-gnu]
    arg [-L/usr/lib/gcc/aarch64-linux-gnu/7/../../../../lib] ==> dir [/usr/lib/gcc/aarch64-linux-gnu/7/../../../../lib]
    arg [-L/lib/aarch64-linux-gnu] ==> dir [/lib/aarch64-linux-gnu]
    arg [-L/lib/../lib] ==> dir [/lib/../lib]
    arg [-L/usr/lib/aarch64-linux-gnu] ==> dir [/usr/lib/aarch64-linux-gnu]
    arg [-L/usr/lib/../lib] ==> dir [/usr/lib/../lib]
    arg [-L/usr/lib/gcc/aarch64-linux-gnu/7/../../..] ==> dir [/usr/lib/gcc/aarch64-linux-gnu/7/../../..]
    arg [CMakeFiles/cmTC_7fcd1.dir/CMakeCXXCompilerABI.cpp.o] ==> ignore
    arg [-lstdc++] ==> lib [stdc++]
    arg [-lm] ==> lib [m]
    arg [-lgcc_s] ==> lib [gcc_s]
    arg [-lgcc] ==> lib [gcc]
    arg [-lc] ==> lib [c]
    arg [-lgcc_s] ==> lib [gcc_s]
    arg [-lgcc] ==> lib [gcc]
    arg [/usr/lib/gcc/aarch64-linux-gnu/7/crtendS.o] ==> ignore
    arg [/usr/lib/gcc/aarch64-linux-gnu/7/../../../aarch64-linux-gnu/crtn.o] ==> ignore
  collapse library dir [/usr/lib/gcc/aarch64-linux-gnu/7] ==> [/usr/lib/gcc/aarch64-linux-gnu/7]
  collapse library dir [/usr/lib/gcc/aarch64-linux-gnu/7/../../../aarch64-linux-gnu] ==> [/usr/lib/aarch64-linux-gnu]
  collapse library dir [/usr/lib/gcc/aarch64-linux-gnu/7/../../../../lib] ==> [/usr/lib]
  collapse library dir [/lib/aarch64-linux-gnu] ==> [/lib/aarch64-linux-gnu]
  collapse library dir [/lib/../lib] ==> [/lib]
  collapse library dir [/usr/lib/aarch64-linux-gnu] ==> [/usr/lib/aarch64-linux-gnu]
  collapse library dir [/usr/lib/../lib] ==> [/usr/lib]
  collapse library dir [/usr/lib/gcc/aarch64-linux-gnu/7/../../..] ==> [/usr/lib]
  implicit libs: [stdc++;m;gcc_s;gcc;c;gcc_s;gcc]
  implicit dirs: [/usr/lib/gcc/aarch64-linux-gnu/7;/usr/lib/aarch64-linux-gnu;/usr/lib;/lib/aarch64-linux-gnu;/lib]
  implicit fwks: []




Detecting CXX [-std=c++1z] compiler features compiled with the following output:
Change Dir: /home/badgerboat/moos/moos-ivp/build/MOOS/proj-5.2.0/CMakeFiles/CMakeTmp

Run Build Command:"/usr/bin/make" "cmTC_399ff/fast"
/usr/bin/make -f CMakeFiles/cmTC_399ff.dir/build.make CMakeFiles/cmTC_399ff.dir/build
make[1]: Entering directory '/home/badgerboat/moos/moos-ivp/build/MOOS/proj-5.2.0/CMakeFiles/CMakeTmp'
Building CXX object CMakeFiles/cmTC_399ff.dir/feature_tests.cxx.o
/usr/bin/c++    -fPIE   -std=c++1z -o CMakeFiles/cmTC_399ff.dir/feature_tests.cxx.o -c /home/badgerboat/moos/moos-ivp/build/MOOS/proj-5.2.0/CMakeFiles/feature_tests.cxx
Linking CXX executable cmTC_399ff
/usr/bin/cmake -E cmake_link_script CMakeFiles/cmTC_399ff.dir/link.txt --verbose=1
/usr/bin/c++       -rdynamic CMakeFiles/cmTC_399ff.dir/feature_tests.cxx.o  -o cmTC_399ff 
make[1]: Leaving directory '/home/badgerboat/moos/moos-ivp/build/MOOS/proj-5.2.0/CMakeFiles/CMakeTmp'


    Feature record: CXX_FEATURE:1cxx_aggregate_default_initializers
    Feature record: CXX_FEATURE:1cxx_alias_templates
    Feature record: CXX_FEATURE:1cxx_alignas
    Feature record: CXX_FEATURE:1cxx_alignof
    Feature record: CXX_FEATURE:1cxx_attributes
    Feature record: CXX_FEATURE:1cxx_attribute_deprecated
    Feature record: CXX_FEATURE:1cxx_auto_type
    Feature record: CXX_FEATURE:1cxx_binary_literals
    Feature record: CXX_FEATURE:1cxx_constexpr
    Feature record: CXX_FEATURE:1cxx_contextual_conversions
    Feature record: CXX_FEATURE:1cxx_decltype
    Feature record: CXX_FEATURE:1cxx_decltype_auto
    Feature record: CXX_FEATURE:1cxx_decltype_incomplete_return_types
    Feature record: CXX_FEATURE:1cxx_default_function_template_args
    Feature record: CXX_FEATURE:1cxx_defaulted_functions
    Feature record: CXX_FEATURE:1cxx_defaulted_move_initializers
    Feature record: CXX_FEATURE:1cxx_delegating_constructors
    Feature record: CXX_FEATURE:1cxx_deleted_functions
    Feature record: CXX_FEATURE:1cxx_digit_separators
    Feature record: CXX_FEATURE:1cxx_enum_forward_declarations
    Feature record: CXX_FEATURE:1cxx_explicit_conversions
    Feature record: CXX_FEATURE:1cxx_extended_friend_declarations
    Feature record: CXX_FEATURE:1cxx_extern_templates
    Feature record: CXX_FEATURE:1cxx_final
    Feature record: CXX_FEATURE:1cxx_func_identifier
    Feature record: CXX_FEATURE:1cxx_generalized_initializers
    Feature record: CXX_FEATURE:1cxx_generic_lambdas
    Feature record: CXX_FEATURE:1cxx_inheriting_constructors
    Feature record: CXX_FEATURE:1cxx_inline_namespaces
    Feature record: CXX_FEATURE:1cxx_lambdas
    Feature record: CXX_FEATURE:1cxx_lambda_init_captures
    Feature record: CXX_FEATURE:1cxx_local_type_template_args
    Feature record: CXX_FEATURE:1cxx_long_long_type
    Feature record: CXX_FEATURE:1cxx_noexcept
    Feature record: CXX_FEATURE:1cxx_nonstatic_member_init
    Feature record: CXX_FEATURE:1cxx_nullptr
    Feature record: CXX_FEATURE:1cxx_override
    Feature record: CXX_FEATURE:1cxx_range_for
    Feature record: CXX_FEATURE:1cxx_raw_string_literals
    Feature record: CXX_FEATURE:1cxx_reference_qualified_functions
    Feature record: CXX_FEATURE:1cxx_relaxed_constexpr
    Feature record: CXX_FEATURE:1cxx_return_type_deduction
    Feature record: CXX_FEATURE:1cxx_right_angle_brackets
    Feature record: CXX_FEATURE:1cxx_rvalue_references
    Feature record: CXX_FEATURE:1cxx_sizeof_member
    Feature record: CXX_FEATURE:1cxx_static_assert
    Feature record: CXX_FEATURE:1cxx_strong_enums
    Feature record: CXX_FEATURE:1cxx_template_template_parameters
    Feature record: CXX_FEATURE:1cxx_thread_local
    Feature record: CXX_FEATURE:1cxx_trailing_return_types
    Feature record: CXX_FEATURE:1cxx_unicode_literals
    Feature record: CXX_FEATURE:1cxx_uniform_initialization
    Feature record: CXX_FEATURE:1cxx_unrestricted_unions
    Feature record: CXX_FEATURE:1cxx_user_literals
    Feature record: CXX_FEATURE:1cxx_variable_templates
    Feature record: CXX_FEATURE:1cxx_variadic_macros
    Feature record: CXX_FEATURE:1cxx_variadic_templates


Detecting CXX [-std=c++14] compiler features compiled with the following output:
Change Dir: /home/badgerboat/moos/moos-ivp/build/MOOS/proj-5.2.0/CMakeFiles/CMakeTmp

Run Build Command:"/usr/bin/make" "cmTC_50159/fast"
/usr/bin/make -f CMakeFiles/cmTC_50159.dir/build.make CMakeFiles/cmTC_50159.dir/build
make[1]: Entering directory '/home/badgerboat/moos/moos-ivp/build/MOOS/proj-5.2.0/CMakeFiles/CMakeTmp'
Building CXX object CMakeFiles/cmTC_50159.dir/feature_tests.cxx.o
/usr/bin/c++    -fPIE   -std=c++14 -o CMakeFiles/cmTC_50159.dir/feature_tests.cxx.o -c /home/badgerboat/moos/moos-ivp/build/MOOS/proj-5.2.0/CMakeFiles/feature_tests.cxx
Linking CXX executable cmTC_50159
/usr/bin/cmake -E cmake_link_script CMakeFiles/cmTC_50159.dir/link.txt --verbose=1
/usr/bin/c++       -rdynamic CMakeFiles/cmTC_50159.dir/feature_tests.cxx.o  -o cmTC_50159 
make[1]: Leaving directory '/home/badgerboat/moos/moos-ivp/build/MOOS/proj-5.2.0/CMakeFiles/CMakeTmp'


    Feature record: CXX_FEATURE:1cxx_aggregate_default_initializers
    Feature record: CXX_FEATURE:1cxx_alias_templates
    Feature record: CXX_FEATURE:1cxx_alignas
    Feature record: CXX_FEATURE:1cxx_alignof
    Feature record: CXX_FEATURE:1cxx_attributes
    Feature record: CXX_FEATURE:1cxx_attribute_deprecated
    Feature record: CXX_FEATURE:1cxx_auto_type
    Feature record: CXX_FEATURE:1cxx_binary_literals
    Feature record: CXX_FEATURE:1cxx_constexpr
    Feature record: CXX_FEATURE:1cxx_contextual_conversions
    Feature record: CXX_FEATURE:1cxx_decltype
    Feature record: CXX_FEATURE:1cxx_decltype_auto
    Feature record: CXX_FEATURE:1cxx_decltype_incomplete_return_types
    Feature record: CXX_FEATURE:1cxx_default_function_template_args
    Feature record: CXX_FEATURE:1cxx_defaulted_functions
    Feature record: CXX_FEATURE:1cxx_defaulted_move_initializers
    Feature record: CXX_FEATURE:1cxx_delegating_constructors
    Feature record: CXX_FEATURE:1cxx_deleted_functions
    Feature record: CXX_FEATURE:1cxx_digit_separators
    Feature record: CXX_FEATURE:1cxx_enum_forward_declarations
    Feature record: CXX_FEATURE:1cxx_explicit_conversions
    Feature record: CXX_FEATURE:1cxx_extended_friend_declarations
    Feature record: CXX_FEATURE:1cxx_extern_templates
    Feature record: CXX_FEATURE:1cxx_final
    Feature record: CXX_FEATURE:1cxx_func_identifier
    Feature record: CXX_FEATURE:1cxx_generalized_initializers
    Feature record: CXX_FEATURE:1cxx_generic_lambdas
    Feature record: CXX_FEATURE:1cxx_inheriting_constructors
    Feature record: CXX_FEATURE:1cxx_inline_namespaces
    Feature record: CXX_FEATURE:1cxx_lambdas
    Feature record: CXX_FEATURE:1cxx_lambda_init_captures
    Feature record: CXX_FEATURE:1cxx_local_type_template_args
    Feature record: CXX_FEATURE:1cxx_long_long_type
    Feature record: CXX_FEATURE:1cxx_noexcept
    Feature record: CXX_FEATURE:1cxx_nonstatic_member_init
    Feature record: CXX_FEATURE:1cxx_nullptr
    Feature record: CXX_FEATURE:1cxx_override
    Feature record: CXX_FEATURE:1cxx_range_for
    Feature record: CXX_FEATURE:1cxx_raw_string_literals
    Feature record: CXX_FEATURE:1cxx_reference_qualified_functions
    Feature record: CXX_FEATURE:1cxx_relaxed_constexpr
    Feature record: CXX_FEATURE:1cxx_return_type_deduction
    Feature record: CXX_FEATURE:1cxx_right_angle_brackets
    Feature record: CXX_FEATURE:1cxx_rvalue_references
    Feature record: CXX_FEATURE:1cxx_sizeof_member
    Feature record: CXX_FEATURE:1cxx_static_assert
    Feature record: CXX_FEATURE:1cxx_strong_enums
    Feature record: CXX_FEATURE:1cxx_template_template_parameters
    Feature record: CXX_FEATURE:1cxx_thread_local
    Feature record: CXX_FEATURE:1cxx_trailing_return_types
    Feature record: CXX_FEATURE:1cxx_unicode_literals
    Feature record: CXX_FEATURE:1cxx_uniform_initialization
    Feature record: CXX_FEATURE:1cxx_unrestricted_unions
    Feature record: CXX_FEATURE:1cxx_user_literals
    Feature record: CXX_FEATURE:1cxx_variable_templates
    Feature record: CXX_FEATURE:1cxx_variadic_macros
    Feature record: CXX_FEATURE:1cxx_variadic_templates


Detecting CXX [-std=c++11] compiler features compiled with the following output:
Change Dir: /home/badgerboat/moos/moos-ivp/build/MOOS/proj-5.2.0/CMakeFiles/CMakeTmp

Run Build Command:"/usr/bin/make" "cmTC_12c36/fast"
/usr/bin/make -f CMakeFiles/cmTC_12c36.dir/build.make CMakeFiles/cmTC_12c36.dir/build
make[1]: Entering directory '/home/badgerboat/moos/moos-ivp/build/MOOS/proj-5.2.0/CMakeFiles/CMakeTmp'
Building CXX object CMakeFiles/cmTC_12c36.dir/feature_tests.cxx.o
/usr/bin/c++    -fPIE   -std=c++11 -o CMakeFiles/cmTC_12c36.dir/feature_tests.cxx.o -c /home/badgerboat/moos/moos-ivp/build/MOOS/proj-5.2.0/CMakeFiles/feature_tests.cxx
Linking CXX executable cmTC_12c36
/usr/bin/cmake -E cmake_link_script CMakeFiles/cmTC_12c36.dir/link.txt --verbose=1
/usr/bin/c++       -rdynamic CMakeFiles/cmTC_12c36.dir/feature_tests.cxx.o  -o cmTC_12c36 
make[1]: Leaving directory '/home/badgerboat/moos/moos-ivp/build/MOOS/proj-5.2.0/CMakeFiles/CMakeTmp'


    Feature record: CXX_FEATURE:0cxx_aggregate_default_initializers
    Feature record: CXX_FEATURE:1cxx_alias_templates
    Feature record: CXX_FEATURE:1cxx_alignas
    Feature record: CXX_FEATURE:1cxx_alignof
    Feature record: CXX_FEATURE:1cxx_attributes
    Feature record: CXX_FEATURE:0cxx_attribute_deprecated
    Feature record: CXX_FEATURE:1cxx_auto_type
    Feature record: CXX_FEATURE:0cxx_binary_literals
    Feature record: CXX_FEATURE:1cxx_constexpr
    Feature record: CXX_FEATURE:0cxx_contextual_conversions
    Feature record: CXX_FEATURE:1cxx_decltype
    Feature record: CXX_FEATURE:0cxx_decltype_auto
    Feature record: CXX_FEATURE:1cxx_decltype_incomplete_return_types
    Feature record: CXX_FEATURE:1cxx_default_function_template_args
    Feature record: CXX_FEATURE:1cxx_defaulted_functions
    Feature record: CXX_FEATURE:1cxx_defaulted_move_initializers
    Feature record: CXX_FEATURE:1cxx_delegating_constructors
    Feature record: CXX_FEATURE:1cxx_deleted_functions
    Feature record: CXX_FEATURE:0cxx_digit_separators
    Feature record: CXX_FEATURE:1cxx_enum_forward_declarations
    Feature record: CXX_FEATURE:1cxx_explicit_conversions
    Feature record: CXX_FEATURE:1cxx_extended_friend_declarations
    Feature record: CXX_FEATURE:1cxx_extern_templates
    Feature record: CXX_FEATURE:1cxx_final
    Feature record: CXX_FEATURE:1cxx_func_identifier
    Feature record: CXX_FEATURE:1cxx_generalized_initializers
    Feature record: CXX_FEATURE:0cxx_generic_lambdas
    Feature record: CXX_FEATURE:1cxx_inheriting_constructors
    Feature record: CXX_FEATURE:1cxx_inline_namespaces
    Feature record: CXX_FEATURE:1cxx_lambdas
    Feature record: CXX_FEATURE:0cxx_lambda_init_captures
    Feature record: CXX_FEATURE:1cxx_local_type_template_args
    Feature record: CXX_FEATURE:1cxx_long_long_type
    Feature record: CXX_FEATURE:1cxx_noexcept
    Feature record: CXX_FEATURE:1cxx_nonstatic_member_init
    Feature record: CXX_FEATURE:1cxx_nullptr
    Feature record: CXX_FEATURE:1cxx_override
    Feature record: CXX_FEATURE:1cxx_range_for
    Feature record: CXX_FEATURE:1cxx_raw_string_literals
    Feature record: CXX_FEATURE:1cxx_reference_qualified_functions
    Feature record: CXX_FEATURE:0cxx_relaxed_constexpr
    Feature record: CXX_FEATURE:0cxx_return_type_deduction
    Feature record: CXX_FEATURE:1cxx_right_angle_brackets
    Feature record: CXX_FEATURE:1cxx_rvalue_references
    Feature record: CXX_FEATURE:1cxx_sizeof_member
    Feature record: CXX_FEATURE:1cxx_static_assert
    Feature record: CXX_FEATURE:1cxx_strong_enums
    Feature record: CXX_FEATURE:1cxx_template_template_parameters
    Feature record: CXX_FEATURE:1cxx_thread_local
    Feature record: CXX_FEATURE:1cxx_trailing_return_types
    Feature record: CXX_FEATURE:1cxx_unicode_literals
    Feature record: CXX_FEATURE:1cxx_uniform_initialization
    Feature record: CXX_FEATURE:1cxx_unrestricted_unions
    Feature record: CXX_FEATURE:1cxx_user_literals
    Feature record: CXX_FEATURE:0cxx_variable_templates
    Feature record: CXX_FEATURE:1cxx_variadic_macros
    Feature record: CXX_FEATURE:1cxx_variadic_templates


Detecting CXX [-std=c++98] compiler features compiled with the following output:
Change Dir: /home/badgerboat/moos/moos-ivp/build/MOOS/proj-5.2.0/CMakeFiles/CMakeTmp

Run Build Command:"/usr/bin/make" "cmTC_829d3/fast"
/usr/bin/make -f CMakeFiles/cmTC_829d3.dir/build.make CMakeFiles/cmTC_829d3.dir/build
make[1]: Entering directory '/home/badgerboat/moos/moos-ivp/build/MOOS/proj-5.2.0/CMakeFiles/CMakeTmp'
Building CXX object CMakeFiles/cmTC_829d3.dir/feature_tests.cxx.o
/usr/bin/c++    -fPIE   -std=c++98 -o CMakeFiles/cmTC_829d3.dir/feature_tests.cxx.o -c /home/badgerboat/moos/moos-ivp/build/MOOS/proj-5.2.0/CMakeFiles/feature_tests.cxx
Linking CXX executable cmTC_829d3
/usr/bin/cmake -E cmake_link_script CMakeFiles/cmTC_829d3.dir/link.txt --verbose=1
/usr/bin/c++       -rdynamic CMakeFiles/cmTC_829d3.dir/feature_tests.cxx.o  -o cmTC_829d3 
make[1]: Leaving directory '/home/badgerboat/moos/moos-ivp/build/MOOS/proj-5.2.0/CMakeFiles/CMakeTmp'


    Feature record: CXX_FEATURE:0cxx_aggregate_default_initializers
    Feature record: CXX_FEATURE:0cxx_alias_templates
    Feature record: CXX_FEATURE:0cxx_alignas
    Feature record: CXX_FEATURE:0cxx_alignof
    Feature record: CXX_FEATURE:0cxx_attributes
    Feature record: CXX_FEATURE:0cxx_attribute_deprecated
    Feature record: CXX_FEATURE:0cxx_auto_type
    Feature record: CXX_FEATURE:0cxx_binary_literals
    Feature record: CXX_FEATURE:0cxx_constexpr
    Feature record: CXX_FEATURE:0cxx_contextual_conversions
    Feature record: CXX_FEATURE:0cxx_decltype
    Feature record: CXX_FEATURE:0cxx_decltype_auto
    Feature record: CXX_FEATURE:0cxx_decltype_incomplete_return_types
    Feature record: CXX_FEATURE:0cxx_default_function_template_args
    Feature record: CXX_FEATURE:0cxx_defaulted_functions
    Feature record: CXX_FEATURE:0cxx_defaulted_move_initializers
    Feature record: CXX_FEATURE:0cxx_delegating_constructors
    Feature record: CXX_FEATURE:0cxx_deleted_functions
    Feature record: CXX_FEATURE:0cxx_digit_separators
    Feature record: CXX_FEATURE:0cxx_enum_forward_declarations
    Feature record: CXX_FEATURE:0cxx_explicit_conversions
    Feature record: CXX_FEATURE:0cxx_extended_friend_declarations
    Feature record: CXX_FEATURE:0cxx_extern_templates
    Feature record: CXX_FEATURE:0cxx_final
    Feature record: CXX_FEATURE:0cxx_func_identifier
    Feature record: CXX_FEATURE:0cxx_generalized_initializers
    Feature record: CXX_FEATURE:0cxx_generic_lambdas
    Feature record: CXX_FEATURE:0cxx_inheriting_constructors
    Feature record: CXX_FEATURE:0cxx_inline_namespaces
    Feature record: CXX_FEATURE:0cxx_lambdas
    Feature record: CXX_FEATURE:0cxx_lambda_init_captures
    Feature record: CXX_FEATURE:0cxx_local_type_template_args
    Feature record: CXX_FEATURE:0cxx_long_long_type
    Feature record: CXX_FEATURE:0cxx_noexcept
    Feature record: CXX_FEATURE:0cxx_nonstatic_member_init
    Feature record: CXX_FEATURE:0cxx_nullptr
    Feature record: CXX_FEATURE:0cxx_override
    Feature record: CXX_FEATURE:0cxx_range_for
    Feature record: CXX_FEATURE:0cxx_raw_string_literals
    Feature record: CXX_FEATURE:0cxx_reference_qualified_functions
    Feature record: CXX_FEATURE:0cxx_relaxed_constexpr
    Feature record: CXX_FEATURE:0cxx_return_type_deduction
    Feature record: CXX_FEATURE:0cxx_right_angle_brackets
    Feature record: CXX_FEATURE:0cxx_rvalue_references
    Feature record: CXX_FEATURE:0cxx_sizeof_member
    Feature record: CXX_FEATURE:0cxx_static_assert
    Feature record: CXX_FEATURE:0cxx_strong_enums
    Feature record: CXX_FEATURE:1cxx_template_template_parameters
    Feature record: CXX_FEATURE:0cxx_thread_local
    Feature record: CXX_FEATURE:0cxx_trailing_return_types
    Feature record: CXX_FEATURE:0cxx_unicode_literals
    Feature record: CXX_FEATURE:0cxx_uniform_initialization
    Feature record: CXX_FEATURE:0cxx_unrestricted_unions
    Feature record: CXX_FEATURE:0cxx_user_literals
    Feature record: CXX_FEATURE:0cxx_variable_templates
    Feature record: CXX_FEATURE:0cxx_variadic_macros
    Feature record: CXX_FEATURE:0cxx_variadic_templates
Determining if files dlfcn.h exist passed with the following output:
Change Dir: /home/badgerboat/moos/moos-ivp/build/MOOS/proj-5.2.0/CMakeFiles/CMakeTmp

Run Build Command:"/usr/bin/make" "cmTC_9a3af/fast"
/usr/bin/make -f CMakeFiles/cmTC_9a3af.dir/build.make CMakeFiles/cmTC_9a3af.dir/build
make[1]: Entering directory '/home/badgerboat/moos/moos-ivp/build/MOOS/proj-5.2.0/CMakeFiles/CMakeTmp'
Building C object CMakeFiles/cmTC_9a3af.dir/CheckIncludeFiles.c.o
/usr/bin/cc   -Wall -Wextra -Wswitch -Wshadow -Wunused-parameter -Wmissing-prototypes -Wmissing-declarations -Wformat -Wformat-security  -fPIE   -o CMakeFiles/cmTC_9a3af.dir/CheckIncludeFiles.c.o   -c /home/badgerboat/moos/moos-ivp/build/MOOS/proj-5.2.0/CMakeFiles/CMakeTmp/CheckIncludeFiles.c
Linking C executable cmTC_9a3af
/usr/bin/cmake -E cmake_link_script CMakeFiles/cmTC_9a3af.dir/link.txt --verbose=1
/usr/bin/cc  -Wall -Wextra -Wswitch -Wshadow -Wunused-parameter -Wmissing-prototypes -Wmissing-declarations -Wformat -Wformat-security     -rdynamic CMakeFiles/cmTC_9a3af.dir/CheckIncludeFiles.c.o  -o cmTC_9a3af 
make[1]: Leaving directory '/home/badgerboat/moos/moos-ivp/build/MOOS/proj-5.2.0/CMakeFiles/CMakeTmp'


Determining if files inttypes.h exist passed with the following output:
Change Dir: /home/badgerboat/moos/moos-ivp/build/MOOS/proj-5.2.0/CMakeFiles/CMakeTmp

Run Build Command:"/usr/bin/make" "cmTC_784b4/fast"
/usr/bin/make -f CMakeFiles/cmTC_784b4.dir/build.make CMakeFiles/cmTC_784b4.dir/build
make[1]: Entering directory '/home/badgerboat/moos/moos-ivp/build/MOOS/proj-5.2.0/CMakeFiles/CMakeTmp'
Building C object CMakeFiles/cmTC_784b4.dir/CheckIncludeFiles.c.o
/usr/bin/cc   -Wall -Wextra -Wswitch -Wshadow -Wunused-parameter -Wmissing-prototypes -Wmissing-declarations -Wformat -Wformat-security  -fPIE   -o CMakeFiles/cmTC_784b4.dir/CheckIncludeFiles.c.o   -c /home/badgerboat/moos/moos-ivp/build/MOOS/proj-5.2.0/CMakeFiles/CMakeTmp/CheckIncludeFiles.c
Linking C executable cmTC_784b4
/usr/bin/cmake -E cmake_link_script CMakeFiles/cmTC_784b4.dir/link.txt --verbose=1
/usr/bin/cc  -Wall -Wextra -Wswitch -Wshadow -Wunused-parameter -Wmissing-prototypes -Wmissing-declarations -Wformat -Wformat-security     -rdynamic CMakeFiles/cmTC_784b4.dir/CheckIncludeFiles.c.o  -o cmTC_784b4 
make[1]: Leaving directory '/home/badgerboat/moos/moos-ivp/build/MOOS/proj-5.2.0/CMakeFiles/CMakeTmp'


Determining if files memory.h exist passed with the following output:
Change Dir: /home/badgerboat/moos/moos-ivp/build/MOOS/proj-5.2.0/CMakeFiles/CMakeTmp

Run Build Command:"/usr/bin/make" "cmTC_b2264/fast"
/usr/bin/make -f CMakeFiles/cmTC_b2264.dir/build.make CMakeFiles/cmTC_b2264.dir/build
make[1]: Entering directory '/home/badgerboat/moos/moos-ivp/build/MOOS/proj-5.2.0/CMakeFiles/CMakeTmp'
Building C object CMakeFiles/cmTC_b2264.dir/CheckIncludeFiles.c.o
/usr/bin/cc   -Wall -Wextra -Wswitch -Wshadow -Wunused-parameter -Wmissing-prototypes -Wmissing-declarations -Wformat -Wformat-security  -fPIE   -o CMakeFiles/cmTC_b2264.dir/CheckIncludeFiles.c.o   -c /home/badgerboat/moos/moos-ivp/build/MOOS/proj-5.2.0/CMakeFiles/CMakeTmp/CheckIncludeFiles.c
Linking C executable cmTC_b2264
/usr/bin/cmake -E cmake_link_script CMakeFiles/cmTC_b2264.dir/link.txt --verbose=1
/usr/bin/cc  -Wall -Wextra -Wswitch -Wshadow -Wunused-parameter -Wmissing-prototypes -Wmissing-declarations -Wformat -Wformat-security     -rdynamic CMakeFiles/cmTC_b2264.dir/CheckIncludeFiles.c.o  -o cmTC_b2264 
make[1]: Leaving directory '/home/badgerboat/moos/moos-ivp/build/MOOS/proj-5.2.0/CMakeFiles/CMakeTmp'


Determining if files stdint.h exist passed with the following output:
Change Dir: /home/badgerboat/moos/moos-ivp/build/MOOS/proj-5.2.0/CMakeFiles/CMakeTmp

Run Build Command:"/usr/bin/make" "cmTC_991cf/fast"
/usr/bin/make -f CMakeFiles/cmTC_991cf.dir/build.make CMakeFiles/cmTC_991cf.dir/build
make[1]: Entering directory '/home/badgerboat/moos/moos-ivp/build/MOOS/proj-5.2.0/CMakeFiles/CMakeTmp'
Building C object CMakeFiles/cmTC_991cf.dir/CheckIncludeFiles.c.o
/usr/bin/cc   -Wall -Wextra -Wswitch -Wshadow -Wunused-parameter -Wmissing-prototypes -Wmissing-declarations -Wformat -Wformat-security  -fPIE   -o CMakeFiles/cmTC_991cf.dir/CheckIncludeFiles.c.o   -c /home/badgerboat/moos/moos-ivp/build/MOOS/proj-5.2.0/CMakeFiles/CMakeTmp/CheckIncludeFiles.c
Linking C executable cmTC_991cf
/usr/bin/cmake -E cmake_link_script CMakeFiles/cmTC_991cf.dir/link.txt --verbose=1
/usr/bin/cc  -Wall -Wextra -Wswitch -Wshadow -Wunused-parameter -Wmissing-prototypes -Wmissing-declarations -Wformat -Wformat-security     -rdynamic CMakeFiles/cmTC_991cf.dir/CheckIncludeFiles.c.o  -o cmTC_991cf 
make[1]: Leaving directory '/home/badgerboat/moos/moos-ivp/build/MOOS/proj-5.2.0/CMakeFiles/CMakeTmp'


Determining if files stdlib.h exist passed with the following output:
Change Dir: /home/badgerboat/moos/moos-ivp/build/MOOS/proj-5.2.0/CMakeFiles/CMakeTmp

Run Build Command:"/usr/bin/make" "cmTC_d0d60/fast"
/usr/bin/make -f CMakeFiles/cmTC_d0d60.dir/build.make CMakeFiles/cmTC_d0d60.dir/build
make[1]: Entering directory '/home/badgerboat/moos/moos-ivp/build/MOOS/proj-5.2.0/CMakeFiles/CMakeTmp'
Building C object CMakeFiles/cmTC_d0d60.dir/CheckIncludeFiles.c.o
/usr/bin/cc   -Wall -Wextra -Wswitch -Wshadow -Wunused-parameter -Wmissing-prototypes -Wmissing-declarations -Wformat -Wformat-security  -fPIE   -o CMakeFiles/cmTC_d0d60.dir/CheckIncludeFiles.c.o   -c /home/badgerboat/moos/moos-ivp/build/MOOS/proj-5.2.0/CMakeFiles/CMakeTmp/CheckIncludeFiles.c
Linking C executable cmTC_d0d60
/usr/bin/cmake -E cmake_link_script CMakeFiles/cmTC_d0d60.dir/link.txt --verbose=1
/usr/bin/cc  -Wall -Wextra -Wswitch -Wshadow -Wunused-parameter -Wmissing-prototypes -Wmissing-declarations -Wformat -Wformat-security     -rdynamic CMakeFiles/cmTC_d0d60.dir/CheckIncludeFiles.c.o  -o cmTC_d0d60 
make[1]: Leaving directory '/home/badgerboat/moos/moos-ivp/build/MOOS/proj-5.2.0/CMakeFiles/CMakeTmp'


Determining if files string.h exist passed with the following output:
Change Dir: /home/badgerboat/moos/moos-ivp/build/MOOS/proj-5.2.0/CMakeFiles/CMakeTmp

Run Build Command:"/usr/bin/make" "cmTC_0c5f3/fast"
/usr/bin/make -f CMakeFiles/cmTC_0c5f3.dir/build.make CMakeFiles/cmTC_0c5f3.dir/build
make[1]: Entering directory '/home/badgerboat/moos/moos-ivp/build/MOOS/proj-5.2.0/CMakeFiles/CMakeTmp'
Building C object CMakeFiles/cmTC_0c5f3.dir/CheckIncludeFiles.c.o
/usr/bin/cc   -Wall -Wextra -Wswitch -Wshadow -Wunused-parameter -Wmissing-prototypes -Wmissing-declarations -Wformat -Wformat-security  -fPIE   -o CMakeFiles/cmTC_0c5f3.dir/CheckIncludeFiles.c.o   -c /home/badgerboat/moos/moos-ivp/build/MOOS/proj-5.2.0/CMakeFiles/CMakeTmp/CheckIncludeFiles.c
Linking C executable cmTC_0c5f3
/usr/bin/cmake -E cmake_link_script CMakeFiles/cmTC_0c5f3.dir/link.txt --verbose=1
/usr/bin/cc  -Wall -Wextra -Wswitch -Wshadow -Wunused-parameter -Wmissing-prototypes -Wmissing-declarations -Wformat -Wformat-security     -rdynamic CMakeFiles/cmTC_0c5f3.dir/CheckIncludeFiles.c.o  -o cmTC_0c5f3 
make[1]: Leaving directory '/home/badgerboat/moos/moos-ivp/build/MOOS/proj-5.2.0/CMakeFiles/CMakeTmp'


Determining if files sys/stat.h exist passed with the following output:
Change Dir: /home/badgerboat/moos/moos-ivp/build/MOOS/proj-5.2.0/CMakeFiles/CMakeTmp

Run Build Command:"/usr/bin/make" "cmTC_eab0a/fast"
/usr/bin/make -f CMakeFiles/cmTC_eab0a.dir/build.make CMakeFiles/cmTC_eab0a.dir/build
make[1]: Entering directory '/home/badgerboat/moos/moos-ivp/build/MOOS/proj-5.2.0/CMakeFiles/CMakeTmp'
Building C object CMakeFiles/cmTC_eab0a.dir/CheckIncludeFiles.c.o
/usr/bin/cc   -Wall -Wextra -Wswitch -Wshadow -Wunused-parameter -Wmissing-prototypes -Wmissing-declarations -Wformat -Wformat-security  -fPIE   -o CMakeFiles/cmTC_eab0a.dir/CheckIncludeFiles.c.o   -c /home/badgerboat/moos/moos-ivp/build/MOOS/proj-5.2.0/CMakeFiles/CMakeTmp/CheckIncludeFiles.c
Linking C executable cmTC_eab0a
/usr/bin/cmake -E cmake_link_script CMakeFiles/cmTC_eab0a.dir/link.txt --verbose=1
/usr/bin/cc  -Wall -Wextra -Wswitch -Wshadow -Wunused-parameter -Wmissing-prototypes -Wmissing-declarations -Wformat -Wformat-security     -rdynamic CMakeFiles/cmTC_eab0a.dir/CheckIncludeFiles.c.o  -o cmTC_eab0a 
make[1]: Leaving directory '/home/badgerboat/moos/moos-ivp/build/MOOS/proj-5.2.0/CMakeFiles/CMakeTmp'


Determining if files sys/types.h exist passed with the following output:
Change Dir: /home/badgerboat/moos/moos-ivp/build/MOOS/proj-5.2.0/CMakeFiles/CMakeTmp

Run Build Command:"/usr/bin/make" "cmTC_3ac72/fast"
/usr/bin/make -f CMakeFiles/cmTC_3ac72.dir/build.make CMakeFiles/cmTC_3ac72.dir/build
make[1]: Entering directory '/home/badgerboat/moos/moos-ivp/build/MOOS/proj-5.2.0/CMakeFiles/CMakeTmp'
Building C object CMakeFiles/cmTC_3ac72.dir/CheckIncludeFiles.c.o
/usr/bin/cc   -Wall -Wextra -Wswitch -Wshadow -Wunused-parameter -Wmissing-prototypes -Wmissing-declarations -Wformat -Wformat-security  -fPIE   -o CMakeFiles/cmTC_3ac72.dir/CheckIncludeFiles.c.o   -c /home/badgerboat/moos/moos-ivp/build/MOOS/proj-5.2.0/CMakeFiles/CMakeTmp/CheckIncludeFiles.c
Linking C executable cmTC_3ac72
/usr/bin/cmake -E cmake_link_script CMakeFiles/cmTC_3ac72.dir/link.txt --verbose=1
/usr/bin/cc  -Wall -Wextra -Wswitch -Wshadow -Wunused-parameter -Wmissing-prototypes -Wmissing-declarations -Wformat -Wformat-security     -rdynamic CMakeFiles/cmTC_3ac72.dir/CheckIncludeFiles.c.o  -o cmTC_3ac72 
make[1]: Leaving directory '/home/badgerboat/moos/moos-ivp/build/MOOS/proj-5.2.0/CMakeFiles/CMakeTmp'


Determining if files unistd.h exist passed with the following output:
Change Dir: /home/badgerboat/moos/moos-ivp/build/MOOS/proj-5.2.0/CMakeFiles/CMakeTmp

Run Build Command:"/usr/bin/make" "cmTC_11ae4/fast"
/usr/bin/make -f CMakeFiles/cmTC_11ae4.dir/build.make CMakeFiles/cmTC_11ae4.dir/build
make[1]: Entering directory '/home/badgerboat/moos/moos-ivp/build/MOOS/proj-5.2.0/CMakeFiles/CMakeTmp'
Building C object CMakeFiles/cmTC_11ae4.dir/CheckIncludeFiles.c.o
/usr/bin/cc   -Wall -Wextra -Wswitch -Wshadow -Wunused-parameter -Wmissing-prototypes -Wmissing-declarations -Wformat -Wformat-security  -fPIE   -o CMakeFiles/cmTC_11ae4.dir/CheckIncludeFiles.c.o   -c /home/badgerboat/moos/moos-ivp/build/MOOS/proj-5.2.0/CMakeFiles/CMakeTmp/CheckIncludeFiles.c
Linking C executable cmTC_11ae4
/usr/bin/cmake -E cmake_link_script CMakeFiles/cmTC_11ae4.dir/link.txt --verbose=1
/usr/bin/cc  -Wall -Wextra -Wswitch -Wshadow -Wunused-parameter -Wmissing-prototypes -Wmissing-declarations -Wformat -Wformat-security     -rdynamic CMakeFiles/cmTC_11ae4.dir/CheckIncludeFiles.c.o  -o cmTC_11ae4 
make[1]: Leaving directory '/home/badgerboat/moos/moos-ivp/build/MOOS/proj-5.2.0/CMakeFiles/CMakeTmp'


Determining if files stdlib.h;stdarg.h;string.h;float.h exist passed with the following output:
Change Dir: /home/badgerboat/moos/moos-ivp/build/MOOS/proj-5.2.0/CMakeFiles/CMakeTmp

Run Build Command:"/usr/bin/make" "cmTC_12d76/fast"
/usr/bin/make -f CMakeFiles/cmTC_12d76.dir/build.make CMakeFiles/cmTC_12d76.dir/build
make[1]: Entering directory '/home/badgerboat/moos/moos-ivp/build/MOOS/proj-5.2.0/CMakeFiles/CMakeTmp'
Building C object CMakeFiles/cmTC_12d76.dir/CheckIncludeFiles.c.o
/usr/bin/cc   -Wall -Wextra -Wswitch -Wshadow -Wunused-parameter -Wmissing-prototypes -Wmissing-declarations -Wformat -Wformat-security  -fPIE   -o CMakeFiles/cmTC_12d76.dir/CheckIncludeFiles.c.o   -c /home/badgerboat/moos/moos-ivp/build/MOOS/proj-5.2.0/CMakeFiles/CMakeTmp/CheckIncludeFiles.c
Linking C executable cmTC_12d76
/usr/bin/cmake -E cmake_link_script CMakeFiles/cmTC_12d76.dir/link.txt --verbose=1
/usr/bin/cc  -Wall -Wextra -Wswitch -Wshadow -Wunused-parameter -Wmissing-prototypes -Wmissing-declarations -Wformat -Wformat-security     -rdynamic CMakeFiles/cmTC_12d76.dir/CheckIncludeFiles.c.o  -o cmTC_12d76 
make[1]: Leaving directory '/home/badgerboat/moos/moos-ivp/build/MOOS/proj-5.2.0/CMakeFiles/CMakeTmp'


Determining if the function localeconv exists passed with the following output:
Change Dir: /home/badgerboat/moos/moos-ivp/build/MOOS/proj-5.2.0/CMakeFiles/CMakeTmp

Run Build Command:"/usr/bin/make" "cmTC_fddce/fast"
/usr/bin/make -f CMakeFiles/cmTC_fddce.dir/build.make CMakeFiles/cmTC_fddce.dir/build
make[1]: Entering directory '/home/badgerboat/moos/moos-ivp/build/MOOS/proj-5.2.0/CMakeFiles/CMakeTmp'
Building C object CMakeFiles/cmTC_fddce.dir/CheckFunctionExists.c.o
/usr/bin/cc   -Wall -Wextra -Wswitch -Wshadow -Wunused-parameter -Wmissing-prototypes -Wmissing-declarations -Wformat -Wformat-security -DCHECK_FUNCTION_EXISTS=localeconv -fPIE   -o CMakeFiles/cmTC_fddce.dir/CheckFunctionExists.c.o   -c /usr/share/cmake-3.10/Modules/CheckFunctionExists.c
Linking C executable cmTC_fddce
/usr/bin/cmake -E cmake_link_script CMakeFiles/cmTC_fddce.dir/link.txt --verbose=1
/usr/bin/cc  -Wall -Wextra -Wswitch -Wshadow -Wunused-parameter -Wmissing-prototypes -Wmissing-declarations -Wformat -Wformat-security -DCHECK_FUNCTION_EXISTS=localeconv    -rdynamic CMakeFiles/cmTC_fddce.dir/CheckFunctionExists.c.o  -o cmTC_fddce 
make[1]: Leaving directory '/home/badgerboat/moos/moos-ivp/build/MOOS/proj-5.2.0/CMakeFiles/CMakeTmp'


Determining if the function ceil exists in the m passed with the following output:
Change Dir: /home/badgerboat/moos/moos-ivp/build/MOOS/proj-5.2.0/CMakeFiles/CMakeTmp

Run Build Command:"/usr/bin/make" "cmTC_967de/fast"
/usr/bin/make -f CMakeFiles/cmTC_967de.dir/build.make CMakeFiles/cmTC_967de.dir/build
make[1]: Entering directory '/home/badgerboat/moos/moos-ivp/build/MOOS/proj-5.2.0/CMakeFiles/CMakeTmp'
Building C object CMakeFiles/cmTC_967de.dir/CheckFunctionExists.c.o
/usr/bin/cc   -Wall -Wextra -Wswitch -Wshadow -Wunused-parameter -Wmissing-prototypes -Wmissing-declarations -Wformat -Wformat-security -DCHECK_FUNCTION_EXISTS=ceil -fPIE   -o CMakeFiles/cmTC_967de.dir/CheckFunctionExists.c.o   -c /usr/share/cmake-3.10/Modules/CheckFunctionExists.c
<command-line>:0:23: warning: conflicting types for built-in function ceil [-Wbuiltin-declaration-mismatch]
/usr/share/cmake-3.10/Modules/CheckFunctionExists.c:7:3: note: in expansion of macro CHECK_FUNCTION_EXISTS
   CHECK_FUNCTION_EXISTS(void);
   ^~~~~~~~~~~~~~~~~~~~~
Linking C executable cmTC_967de
/usr/bin/cmake -E cmake_link_script CMakeFiles/cmTC_967de.dir/link.txt --verbose=1
/usr/bin/cc  -Wall -Wextra -Wswitch -Wshadow -Wunused-parameter -Wmissing-prototypes -Wmissing-declarations -Wformat -Wformat-security -DCHECK_FUNCTION_EXISTS=ceil    -rdynamic CMakeFiles/cmTC_967de.dir/CheckFunctionExists.c.o  -o cmTC_967de -lm 
make[1]: Leaving directory '/home/badgerboat/moos/moos-ivp/build/MOOS/proj-5.2.0/CMakeFiles/CMakeTmp'


Determining if the include file pthread.h exists passed with the following output:
Change Dir: /home/badgerboat/moos/moos-ivp/build/MOOS/proj-5.2.0/CMakeFiles/CMakeTmp

Run Build Command:"/usr/bin/make" "cmTC_02254/fast"
/usr/bin/make -f CMakeFiles/cmTC_02254.dir/build.make CMakeFiles/cmTC_02254.dir/build
make[1]: Entering directory '/home/badgerboat/moos/moos-ivp/build/MOOS/proj-5.2.0/CMakeFiles/CMakeTmp'
Building C object CMakeFiles/cmTC_02254.dir/CheckIncludeFile.c.o
/usr/bin/cc   -Wall -Wextra -Wswitch -Wshadow -Wunused-parameter -Wmissing-prototypes -Wmissing-declarations -Wformat -Wformat-security  -fPIE   -o CMakeFiles/cmTC_02254.dir/CheckIncludeFile.c.o   -c /home/badgerboat/moos/moos-ivp/build/MOOS/proj-5.2.0/CMakeFiles/CMakeTmp/CheckIncludeFile.c
Linking C executable cmTC_02254
/usr/bin/cmake -E cmake_link_script CMakeFiles/cmTC_02254.dir/link.txt --verbose=1
/usr/bin/cc  -Wall -Wextra -Wswitch -Wshadow -Wunused-parameter -Wmissing-prototypes -Wmissing-declarations -Wformat -Wformat-security     -rdynamic CMakeFiles/cmTC_02254.dir/CheckIncludeFile.c.o  -o cmTC_02254 
make[1]: Leaving directory '/home/badgerboat/moos/moos-ivp/build/MOOS/proj-5.2.0/CMakeFiles/CMakeTmp'


Determining if the function pthread_create exists in the pthread passed with the following output:
Change Dir: /home/badgerboat/moos/moos-ivp/build/MOOS/proj-5.2.0/CMakeFiles/CMakeTmp

Run Build Command:"/usr/bin/make" "cmTC_cde46/fast"
/usr/bin/make -f CMakeFiles/cmTC_cde46.dir/build.make CMakeFiles/cmTC_cde46.dir/build
make[1]: Entering directory '/home/badgerboat/moos/moos-ivp/build/MOOS/proj-5.2.0/CMakeFiles/CMakeTmp'
Building C object CMakeFiles/cmTC_cde46.dir/CheckFunctionExists.c.o
/usr/bin/cc   -Wall -Wextra -Wswitch -Wshadow -Wunused-parameter -Wmissing-prototypes -Wmissing-declarations -Wformat -Wformat-security -DCHECK_FUNCTION_EXISTS=pthread_create -fPIE   -o CMakeFiles/cmTC_cde46.dir/CheckFunctionExists.c.o   -c /usr/share/cmake-3.10/Modules/CheckFunctionExists.c
Linking C executable cmTC_cde46
/usr/bin/cmake -E cmake_link_script CMakeFiles/cmTC_cde46.dir/link.txt --verbose=1
/usr/bin/cc  -Wall -Wextra -Wswitch -Wshadow -Wunused-parameter -Wmissing-prototypes -Wmissing-declarations -Wformat -Wformat-security -DCHECK_FUNCTION_EXISTS=pthread_create    -rdynamic CMakeFiles/cmTC_cde46.dir/CheckFunctionExists.c.o  -o cmTC_cde46 -lpthread 
make[1]: Leaving directory '/home/badgerboat/moos/moos-ivp/build/MOOS/proj-5.2.0/CMakeFiles/CMakeTmp'


Performing C SOURCE FILE Test C99_MATH succeeded with the following output:
Change Dir: /home/badgerboat/moos/moos-ivp/build/MOOS/proj-5.2.0/CMakeFiles/CMakeTmp

Run Build Command:"/usr/bin/make" "cmTC_7d76f/fast"
/usr/bin/make -f CMakeFiles/cmTC_7d76f.dir/build.make CMakeFiles/cmTC_7d76f.dir/build
make[1]: Entering directory '/home/badgerboat/moos/moos-ivp/build/MOOS/proj-5.2.0/CMakeFiles/CMakeTmp'
Building C object CMakeFiles/cmTC_7d76f.dir/src.c.o
/usr/bin/cc   -Wall -Wextra -Wswitch -Wshadow -Wunused-parameter -Wmissing-prototypes -Wmissing-declarations -Wformat -Wformat-security -DC99_MATH  -Wall -Wextra -Wswitch -Wshadow -Wunused-parameter -Wmissing-prototypes -Wmissing-declarations -Wformat -Wformat-security -Werror -fPIE   -o CMakeFiles/cmTC_7d76f.dir/src.c.o   -c /home/badgerboat/moos/moos-ivp/build/MOOS/proj-5.2.0/CMakeFiles/CMakeTmp/src.c
Linking C executable cmTC_7d76f
/usr/bin/cmake -E cmake_link_script CMakeFiles/cmTC_7d76f.dir/link.txt --verbose=1
/usr/bin/cc  -Wall -Wextra -Wswitch -Wshadow -Wunused-parameter -Wmissing-prototypes -Wmissing-declarations -Wformat -Wformat-security -DC99_MATH  -Wall -Wextra -Wswitch -Wshadow -Wunused-parameter -Wmissing-prototypes -Wmissing-declarations -Wformat -Wformat-security -Werror    -rdynamic CMakeFiles/cmTC_7d76f.dir/src.c.o  -o cmTC_7d76f -lm 
make[1]: Leaving directory '/home/badgerboat/moos/moos-ivp/build/MOOS/proj-5.2.0/CMakeFiles/CMakeTmp'

Source file was:
#include <math.h>
int main() {
  int q;
  return (int)(hypot(3.0, 4.0) + atanh(0.8) + cbrt(8.0) +
               remquo(100.0, 90.0, &q) +
               remainder(100.0, 90.0) + copysign(1.0, -0.0) +
               log1p(0.1) + asinh(0.1)) +
               isnan(0.0);
}

