Determining if files jni.h exist failed with the following output:
Change Dir: /home/badgerboat/moos/moos-ivp/build/MOOS/proj-5.2.0/CMakeFiles/CMakeTmp

Run Build Command:"/usr/bin/make" "cmTC_87f3a/fast"
/usr/bin/make -f CMakeFiles/cmTC_87f3a.dir/build.make CMakeFiles/cmTC_87f3a.dir/build
make[1]: Entering directory '/home/badgerboat/moos/moos-ivp/build/MOOS/proj-5.2.0/CMakeFiles/CMakeTmp'
Building C object CMakeFiles/cmTC_87f3a.dir/CheckIncludeFiles.c.o
/usr/bin/cc   -Wall -Wextra -Wswitch -Wshadow -Wunused-parameter -Wmissing-prototypes -Wmissing-declarations -Wformat -Wformat-security  -fPIE   -o CMakeFiles/cmTC_87f3a.dir/CheckIncludeFiles.c.o   -c /home/badgerboat/moos/moos-ivp/build/MOOS/proj-5.2.0/CMakeFiles/CMakeTmp/CheckIncludeFiles.c
/home/badgerboat/moos/moos-ivp/build/MOOS/proj-5.2.0/CMakeFiles/CMakeTmp/CheckIncludeFiles.c:2:10: fatal error: jni.h: No such file or directory
 #include <jni.h>
          ^~~~~~~
compilation terminated.
CMakeFiles/cmTC_87f3a.dir/build.make:65: recipe for target 'CMakeFiles/cmTC_87f3a.dir/CheckIncludeFiles.c.o' failed
make[1]: *** [CMakeFiles/cmTC_87f3a.dir/CheckIncludeFiles.c.o] Error 1
make[1]: Leaving directory '/home/badgerboat/moos/moos-ivp/build/MOOS/proj-5.2.0/CMakeFiles/CMakeTmp'
Makefile:126: recipe for target 'cmTC_87f3a/fast' failed
make: *** [cmTC_87f3a/fast] Error 2

Source:
/* */
#include <jni.h>


int main(void){return 0;}

Determining if the pthread_create exist failed with the following output:
Change Dir: /home/badgerboat/moos/moos-ivp/build/MOOS/proj-5.2.0/CMakeFiles/CMakeTmp

Run Build Command:"/usr/bin/make" "cmTC_6cc83/fast"
/usr/bin/make -f CMakeFiles/cmTC_6cc83.dir/build.make CMakeFiles/cmTC_6cc83.dir/build
make[1]: Entering directory '/home/badgerboat/moos/moos-ivp/build/MOOS/proj-5.2.0/CMakeFiles/CMakeTmp'
Building C object CMakeFiles/cmTC_6cc83.dir/CheckSymbolExists.c.o
/usr/bin/cc   -Wall -Wextra -Wswitch -Wshadow -Wunused-parameter -Wmissing-prototypes -Wmissing-declarations -Wformat -Wformat-security  -fPIE   -o CMakeFiles/cmTC_6cc83.dir/CheckSymbolExists.c.o   -c /home/badgerboat/moos/moos-ivp/build/MOOS/proj-5.2.0/CMakeFiles/CMakeTmp/CheckSymbolExists.c
Linking C executable cmTC_6cc83
/usr/bin/cmake -E cmake_link_script CMakeFiles/cmTC_6cc83.dir/link.txt --verbose=1
/usr/bin/cc  -Wall -Wextra -Wswitch -Wshadow -Wunused-parameter -Wmissing-prototypes -Wmissing-declarations -Wformat -Wformat-security     -rdynamic CMakeFiles/cmTC_6cc83.dir/CheckSymbolExists.c.o  -o cmTC_6cc83 
CMakeFiles/cmTC_6cc83.dir/CheckSymbolExists.c.o: In function `main':
CheckSymbolExists.c:(.text+0x14): undefined reference to `pthread_create'
CheckSymbolExists.c:(.text+0x18): undefined reference to `pthread_create'
collect2: error: ld returned 1 exit status
CMakeFiles/cmTC_6cc83.dir/build.make:97: recipe for target 'cmTC_6cc83' failed
make[1]: *** [cmTC_6cc83] Error 1
make[1]: Leaving directory '/home/badgerboat/moos/moos-ivp/build/MOOS/proj-5.2.0/CMakeFiles/CMakeTmp'
Makefile:126: recipe for target 'cmTC_6cc83/fast' failed
make: *** [cmTC_6cc83/fast] Error 2

File /home/badgerboat/moos/moos-ivp/build/MOOS/proj-5.2.0/CMakeFiles/CMakeTmp/CheckSymbolExists.c:
/* */
#include <pthread.h>

int main(int argc, char** argv)
{
  (void)argv;
#ifndef pthread_create
  return ((int*)(&pthread_create))[argc];
#else
  (void)argc;
  return 0;
#endif
}

Determining if the function pthread_create exists in the pthreads failed with the following output:
Change Dir: /home/badgerboat/moos/moos-ivp/build/MOOS/proj-5.2.0/CMakeFiles/CMakeTmp

Run Build Command:"/usr/bin/make" "cmTC_0a8b6/fast"
/usr/bin/make -f CMakeFiles/cmTC_0a8b6.dir/build.make CMakeFiles/cmTC_0a8b6.dir/build
make[1]: Entering directory '/home/badgerboat/moos/moos-ivp/build/MOOS/proj-5.2.0/CMakeFiles/CMakeTmp'
Building C object CMakeFiles/cmTC_0a8b6.dir/CheckFunctionExists.c.o
/usr/bin/cc   -Wall -Wextra -Wswitch -Wshadow -Wunused-parameter -Wmissing-prototypes -Wmissing-declarations -Wformat -Wformat-security -DCHECK_FUNCTION_EXISTS=pthread_create -fPIE   -o CMakeFiles/cmTC_0a8b6.dir/CheckFunctionExists.c.o   -c /usr/share/cmake-3.10/Modules/CheckFunctionExists.c
Linking C executable cmTC_0a8b6
/usr/bin/cmake -E cmake_link_script CMakeFiles/cmTC_0a8b6.dir/link.txt --verbose=1
/usr/bin/cc  -Wall -Wextra -Wswitch -Wshadow -Wunused-parameter -Wmissing-prototypes -Wmissing-declarations -Wformat -Wformat-security -DCHECK_FUNCTION_EXISTS=pthread_create    -rdynamic CMakeFiles/cmTC_0a8b6.dir/CheckFunctionExists.c.o  -o cmTC_0a8b6 -lpthreads 
/usr/bin/ld: cannot find -lpthreads
collect2: error: ld returned 1 exit status
CMakeFiles/cmTC_0a8b6.dir/build.make:97: recipe for target 'cmTC_0a8b6' failed
make[1]: *** [cmTC_0a8b6] Error 1
make[1]: Leaving directory '/home/badgerboat/moos/moos-ivp/build/MOOS/proj-5.2.0/CMakeFiles/CMakeTmp'
Makefile:126: recipe for target 'cmTC_0a8b6/fast' failed
make: *** [cmTC_0a8b6/fast] Error 2


Determining if the PTHREAD_MUTEX_RECURSIVE exist failed with the following output:
Change Dir: /home/badgerboat/moos/moos-ivp/build/MOOS/proj-5.2.0/CMakeFiles/CMakeTmp

Run Build Command:"/usr/bin/make" "cmTC_564d5/fast"
/usr/bin/make -f CMakeFiles/cmTC_564d5.dir/build.make CMakeFiles/cmTC_564d5.dir/build
make[1]: Entering directory '/home/badgerboat/moos/moos-ivp/build/MOOS/proj-5.2.0/CMakeFiles/CMakeTmp'
Building C object CMakeFiles/cmTC_564d5.dir/CheckSymbolExists.c.o
/usr/bin/cc   -Wall -Wextra -Wswitch -Wshadow -Wunused-parameter -Wmissing-prototypes -Wmissing-declarations -Wformat -Wformat-security  -fPIE   -o CMakeFiles/cmTC_564d5.dir/CheckSymbolExists.c.o   -c /home/badgerboat/moos/moos-ivp/build/MOOS/proj-5.2.0/CMakeFiles/CMakeTmp/CheckSymbolExists.c
/home/badgerboat/moos/moos-ivp/build/MOOS/proj-5.2.0/CMakeFiles/CMakeTmp/CheckSymbolExists.c: In function ‘main’:
/home/badgerboat/moos/moos-ivp/build/MOOS/proj-5.2.0/CMakeFiles/CMakeTmp/CheckSymbolExists.c:8:18: error: lvalue required as unary ‘&’ operand
   return ((int*)(&PTHREAD_MUTEX_RECURSIVE))[argc];
                  ^
/home/badgerboat/moos/moos-ivp/build/MOOS/proj-5.2.0/CMakeFiles/CMakeTmp/CheckSymbolExists.c:4:14: warning: parameter ‘argc’ set but not used [-Wunused-but-set-parameter]
 int main(int argc, char** argv)
              ^~~~
CMakeFiles/cmTC_564d5.dir/build.make:65: recipe for target 'CMakeFiles/cmTC_564d5.dir/CheckSymbolExists.c.o' failed
make[1]: *** [CMakeFiles/cmTC_564d5.dir/CheckSymbolExists.c.o] Error 1
make[1]: Leaving directory '/home/badgerboat/moos/moos-ivp/build/MOOS/proj-5.2.0/CMakeFiles/CMakeTmp'
Makefile:126: recipe for target 'cmTC_564d5/fast' failed
make: *** [cmTC_564d5/fast] Error 2

File /home/badgerboat/moos/moos-ivp/build/MOOS/proj-5.2.0/CMakeFiles/CMakeTmp/CheckSymbolExists.c:
/* */
#include <pthread.h>

int main(int argc, char** argv)
{
  (void)argv;
#ifndef PTHREAD_MUTEX_RECURSIVE
  return ((int*)(&PTHREAD_MUTEX_RECURSIVE))[argc];
#else
  (void)argc;
  return 0;
#endif
}

