Determining if the pthread_create exist failed with the following output:
Change Dir: /home/badgerboat/moos/moos-ivp/build/MOOS/MOOSEssentials/CMakeFiles/CMakeTmp

Run Build Command:"/usr/bin/make" "cmTC_6aff2/fast"
/usr/bin/make -f CMakeFiles/cmTC_6aff2.dir/build.make CMakeFiles/cmTC_6aff2.dir/build
make[1]: Entering directory '/home/badgerboat/moos/moos-ivp/build/MOOS/MOOSEssentials/CMakeFiles/CMakeTmp'
Building C object CMakeFiles/cmTC_6aff2.dir/CheckSymbolExists.c.o
/usr/bin/cc   -Wall    -o CMakeFiles/cmTC_6aff2.dir/CheckSymbolExists.c.o   -c /home/badgerboat/moos/moos-ivp/build/MOOS/MOOSEssentials/CMakeFiles/CMakeTmp/CheckSymbolExists.c
Linking C executable cmTC_6aff2
/usr/bin/cmake -E cmake_link_script CMakeFiles/cmTC_6aff2.dir/link.txt --verbose=1
/usr/bin/cc  -Wall     -rdynamic CMakeFiles/cmTC_6aff2.dir/CheckSymbolExists.c.o  -o cmTC_6aff2 
CMakeFiles/cmTC_6aff2.dir/CheckSymbolExists.c.o: In function `main':
CheckSymbolExists.c:(.text+0x14): undefined reference to `pthread_create'
CheckSymbolExists.c:(.text+0x18): undefined reference to `pthread_create'
collect2: error: ld returned 1 exit status
CMakeFiles/cmTC_6aff2.dir/build.make:97: recipe for target 'cmTC_6aff2' failed
make[1]: *** [cmTC_6aff2] Error 1
make[1]: Leaving directory '/home/badgerboat/moos/moos-ivp/build/MOOS/MOOSEssentials/CMakeFiles/CMakeTmp'
Makefile:126: recipe for target 'cmTC_6aff2/fast' failed
make: *** [cmTC_6aff2/fast] Error 2

File /home/badgerboat/moos/moos-ivp/build/MOOS/MOOSEssentials/CMakeFiles/CMakeTmp/CheckSymbolExists.c:
/* */
#include <pthread.h>

int main(int argc, char** argv)
{
  (void)argv;
#ifndef pthread_create
  return ((int*)(&pthread_create))[argc];
#else
  (void)argc;
  return 0;
#endif
}

